ARM GAS  C:\Users\57298\AppData\Local\Temp\ccjHtwpn.s 			page 1


   1              		.cpu cortex-m0
   2              		.arch armv6s-m
   3              		.fpu softvfp
   4              		.eabi_attribute 20, 1
   5              		.eabi_attribute 21, 1
   6              		.eabi_attribute 23, 3
   7              		.eabi_attribute 24, 1
   8              		.eabi_attribute 25, 1
   9              		.eabi_attribute 26, 1
  10              		.eabi_attribute 30, 1
  11              		.eabi_attribute 34, 0
  12              		.eabi_attribute 18, 4
  13              		.file	"stm32f0xx_hal_msp.c"
  14              		.text
  15              	.Ltext0:
  16              		.cfi_sections	.debug_frame
  17              		.section	.text.HAL_MspInit,"ax",%progbits
  18              		.align	1
  19              		.global	HAL_MspInit
  20              		.syntax unified
  21              		.code	16
  22              		.thumb_func
  24              	HAL_MspInit:
  25              	.LFB40:
  26              		.file 1 "Core/Src/stm32f0xx_hal_msp.c"
   1:Core/Src/stm32f0xx_hal_msp.c **** /* USER CODE BEGIN Header */
   2:Core/Src/stm32f0xx_hal_msp.c **** /**
   3:Core/Src/stm32f0xx_hal_msp.c ****   ******************************************************************************
   4:Core/Src/stm32f0xx_hal_msp.c ****   * File Name          : stm32f0xx_hal_msp.c
   5:Core/Src/stm32f0xx_hal_msp.c ****   * Description        : This file provides code for the MSP Initialization
   6:Core/Src/stm32f0xx_hal_msp.c ****   *                      and de-Initialization codes.
   7:Core/Src/stm32f0xx_hal_msp.c ****   ******************************************************************************
   8:Core/Src/stm32f0xx_hal_msp.c ****   * @attention
   9:Core/Src/stm32f0xx_hal_msp.c ****   *
  10:Core/Src/stm32f0xx_hal_msp.c ****   * <h2><center>&copy; Copyright (c) 2021 STMicroelectronics.
  11:Core/Src/stm32f0xx_hal_msp.c ****   * All rights reserved.</center></h2>
  12:Core/Src/stm32f0xx_hal_msp.c ****   *
  13:Core/Src/stm32f0xx_hal_msp.c ****   * This software component is licensed by ST under BSD 3-Clause license,
  14:Core/Src/stm32f0xx_hal_msp.c ****   * the "License"; You may not use this file except in compliance with the
  15:Core/Src/stm32f0xx_hal_msp.c ****   * License. You may obtain a copy of the License at:
  16:Core/Src/stm32f0xx_hal_msp.c ****   *                        opensource.org/licenses/BSD-3-Clause
  17:Core/Src/stm32f0xx_hal_msp.c ****   *
  18:Core/Src/stm32f0xx_hal_msp.c ****   ******************************************************************************
  19:Core/Src/stm32f0xx_hal_msp.c ****   */
  20:Core/Src/stm32f0xx_hal_msp.c **** /* USER CODE END Header */
  21:Core/Src/stm32f0xx_hal_msp.c **** 
  22:Core/Src/stm32f0xx_hal_msp.c **** /* Includes ------------------------------------------------------------------*/
  23:Core/Src/stm32f0xx_hal_msp.c **** #include "main.h"
  24:Core/Src/stm32f0xx_hal_msp.c **** /* USER CODE BEGIN Includes */
  25:Core/Src/stm32f0xx_hal_msp.c **** 
  26:Core/Src/stm32f0xx_hal_msp.c **** /* USER CODE END Includes */
  27:Core/Src/stm32f0xx_hal_msp.c **** extern DMA_HandleTypeDef hdma_adc;
  28:Core/Src/stm32f0xx_hal_msp.c **** 
  29:Core/Src/stm32f0xx_hal_msp.c **** extern DMA_HandleTypeDef hdma_usart1_rx;
  30:Core/Src/stm32f0xx_hal_msp.c **** 
  31:Core/Src/stm32f0xx_hal_msp.c **** extern DMA_HandleTypeDef hdma_usart2_rx;
  32:Core/Src/stm32f0xx_hal_msp.c **** 
ARM GAS  C:\Users\57298\AppData\Local\Temp\ccjHtwpn.s 			page 2


  33:Core/Src/stm32f0xx_hal_msp.c **** /* Private typedef -----------------------------------------------------------*/
  34:Core/Src/stm32f0xx_hal_msp.c **** /* USER CODE BEGIN TD */
  35:Core/Src/stm32f0xx_hal_msp.c **** 
  36:Core/Src/stm32f0xx_hal_msp.c **** /* USER CODE END TD */
  37:Core/Src/stm32f0xx_hal_msp.c **** 
  38:Core/Src/stm32f0xx_hal_msp.c **** /* Private define ------------------------------------------------------------*/
  39:Core/Src/stm32f0xx_hal_msp.c **** /* USER CODE BEGIN Define */
  40:Core/Src/stm32f0xx_hal_msp.c **** 
  41:Core/Src/stm32f0xx_hal_msp.c **** /* USER CODE END Define */
  42:Core/Src/stm32f0xx_hal_msp.c **** 
  43:Core/Src/stm32f0xx_hal_msp.c **** /* Private macro -------------------------------------------------------------*/
  44:Core/Src/stm32f0xx_hal_msp.c **** /* USER CODE BEGIN Macro */
  45:Core/Src/stm32f0xx_hal_msp.c **** 
  46:Core/Src/stm32f0xx_hal_msp.c **** /* USER CODE END Macro */
  47:Core/Src/stm32f0xx_hal_msp.c **** 
  48:Core/Src/stm32f0xx_hal_msp.c **** /* Private variables ---------------------------------------------------------*/
  49:Core/Src/stm32f0xx_hal_msp.c **** /* USER CODE BEGIN PV */
  50:Core/Src/stm32f0xx_hal_msp.c **** 
  51:Core/Src/stm32f0xx_hal_msp.c **** /* USER CODE END PV */
  52:Core/Src/stm32f0xx_hal_msp.c **** 
  53:Core/Src/stm32f0xx_hal_msp.c **** /* Private function prototypes -----------------------------------------------*/
  54:Core/Src/stm32f0xx_hal_msp.c **** /* USER CODE BEGIN PFP */
  55:Core/Src/stm32f0xx_hal_msp.c **** 
  56:Core/Src/stm32f0xx_hal_msp.c **** /* USER CODE END PFP */
  57:Core/Src/stm32f0xx_hal_msp.c **** 
  58:Core/Src/stm32f0xx_hal_msp.c **** /* External functions --------------------------------------------------------*/
  59:Core/Src/stm32f0xx_hal_msp.c **** /* USER CODE BEGIN ExternalFunctions */
  60:Core/Src/stm32f0xx_hal_msp.c **** 
  61:Core/Src/stm32f0xx_hal_msp.c **** /* USER CODE END ExternalFunctions */
  62:Core/Src/stm32f0xx_hal_msp.c **** 
  63:Core/Src/stm32f0xx_hal_msp.c **** /* USER CODE BEGIN 0 */
  64:Core/Src/stm32f0xx_hal_msp.c **** 
  65:Core/Src/stm32f0xx_hal_msp.c **** /* USER CODE END 0 */
  66:Core/Src/stm32f0xx_hal_msp.c **** /**
  67:Core/Src/stm32f0xx_hal_msp.c ****   * Initializes the Global MSP.
  68:Core/Src/stm32f0xx_hal_msp.c ****   */
  69:Core/Src/stm32f0xx_hal_msp.c **** void HAL_MspInit(void)
  70:Core/Src/stm32f0xx_hal_msp.c **** {
  27              		.loc 1 70 1 view -0
  28              		.cfi_startproc
  29              		@ args = 0, pretend = 0, frame = 8
  30              		@ frame_needed = 0, uses_anonymous_args = 0
  31              		@ link register save eliminated.
  32 0000 82B0     		sub	sp, sp, #8
  33              	.LCFI0:
  34              		.cfi_def_cfa_offset 8
  71:Core/Src/stm32f0xx_hal_msp.c ****   /* USER CODE BEGIN MspInit 0 */
  72:Core/Src/stm32f0xx_hal_msp.c **** 
  73:Core/Src/stm32f0xx_hal_msp.c ****   /* USER CODE END MspInit 0 */
  74:Core/Src/stm32f0xx_hal_msp.c **** 
  75:Core/Src/stm32f0xx_hal_msp.c ****   __HAL_RCC_SYSCFG_CLK_ENABLE();
  35              		.loc 1 75 3 view .LVU1
  36              	.LBB2:
  37              		.loc 1 75 3 view .LVU2
  38              		.loc 1 75 3 view .LVU3
  39 0002 0A4B     		ldr	r3, .L2
  40 0004 9969     		ldr	r1, [r3, #24]
ARM GAS  C:\Users\57298\AppData\Local\Temp\ccjHtwpn.s 			page 3


  41 0006 0122     		movs	r2, #1
  42 0008 1143     		orrs	r1, r2
  43 000a 9961     		str	r1, [r3, #24]
  44              		.loc 1 75 3 view .LVU4
  45 000c 9969     		ldr	r1, [r3, #24]
  46 000e 0A40     		ands	r2, r1
  47 0010 0092     		str	r2, [sp]
  48              		.loc 1 75 3 view .LVU5
  49 0012 009A     		ldr	r2, [sp]
  50              	.LBE2:
  51              		.loc 1 75 3 view .LVU6
  76:Core/Src/stm32f0xx_hal_msp.c ****   __HAL_RCC_PWR_CLK_ENABLE();
  52              		.loc 1 76 3 view .LVU7
  53              	.LBB3:
  54              		.loc 1 76 3 view .LVU8
  55              		.loc 1 76 3 view .LVU9
  56 0014 DA69     		ldr	r2, [r3, #28]
  57 0016 8021     		movs	r1, #128
  58 0018 4905     		lsls	r1, r1, #21
  59 001a 0A43     		orrs	r2, r1
  60 001c DA61     		str	r2, [r3, #28]
  61              		.loc 1 76 3 view .LVU10
  62 001e DB69     		ldr	r3, [r3, #28]
  63 0020 0B40     		ands	r3, r1
  64 0022 0193     		str	r3, [sp, #4]
  65              		.loc 1 76 3 view .LVU11
  66 0024 019B     		ldr	r3, [sp, #4]
  67              	.LBE3:
  68              		.loc 1 76 3 view .LVU12
  77:Core/Src/stm32f0xx_hal_msp.c **** 
  78:Core/Src/stm32f0xx_hal_msp.c ****   /* System interrupt init*/
  79:Core/Src/stm32f0xx_hal_msp.c **** 
  80:Core/Src/stm32f0xx_hal_msp.c ****   /* USER CODE BEGIN MspInit 1 */
  81:Core/Src/stm32f0xx_hal_msp.c **** 
  82:Core/Src/stm32f0xx_hal_msp.c ****   /* USER CODE END MspInit 1 */
  83:Core/Src/stm32f0xx_hal_msp.c **** }
  69              		.loc 1 83 1 is_stmt 0 view .LVU13
  70 0026 02B0     		add	sp, sp, #8
  71              		@ sp needed
  72 0028 7047     		bx	lr
  73              	.L3:
  74 002a C046     		.align	2
  75              	.L2:
  76 002c 00100240 		.word	1073876992
  77              		.cfi_endproc
  78              	.LFE40:
  80              		.section	.text.HAL_ADC_MspInit,"ax",%progbits
  81              		.align	1
  82              		.global	HAL_ADC_MspInit
  83              		.syntax unified
  84              		.code	16
  85              		.thumb_func
  87              	HAL_ADC_MspInit:
  88              	.LVL0:
  89              	.LFB41:
  84:Core/Src/stm32f0xx_hal_msp.c **** 
  85:Core/Src/stm32f0xx_hal_msp.c **** /**
ARM GAS  C:\Users\57298\AppData\Local\Temp\ccjHtwpn.s 			page 4


  86:Core/Src/stm32f0xx_hal_msp.c **** * @brief ADC MSP Initialization
  87:Core/Src/stm32f0xx_hal_msp.c **** * This function configures the hardware resources used in this example
  88:Core/Src/stm32f0xx_hal_msp.c **** * @param hadc: ADC handle pointer
  89:Core/Src/stm32f0xx_hal_msp.c **** * @retval None
  90:Core/Src/stm32f0xx_hal_msp.c **** */
  91:Core/Src/stm32f0xx_hal_msp.c **** void HAL_ADC_MspInit(ADC_HandleTypeDef* hadc)
  92:Core/Src/stm32f0xx_hal_msp.c **** {
  90              		.loc 1 92 1 is_stmt 1 view -0
  91              		.cfi_startproc
  92              		@ args = 0, pretend = 0, frame = 32
  93              		@ frame_needed = 0, uses_anonymous_args = 0
  94              		.loc 1 92 1 is_stmt 0 view .LVU15
  95 0000 10B5     		push	{r4, lr}
  96              	.LCFI1:
  97              		.cfi_def_cfa_offset 8
  98              		.cfi_offset 4, -8
  99              		.cfi_offset 14, -4
 100 0002 88B0     		sub	sp, sp, #32
 101              	.LCFI2:
 102              		.cfi_def_cfa_offset 40
 103 0004 0400     		movs	r4, r0
  93:Core/Src/stm32f0xx_hal_msp.c ****   GPIO_InitTypeDef GPIO_InitStruct = {0};
 104              		.loc 1 93 3 is_stmt 1 view .LVU16
 105              		.loc 1 93 20 is_stmt 0 view .LVU17
 106 0006 1422     		movs	r2, #20
 107 0008 0021     		movs	r1, #0
 108 000a 03A8     		add	r0, sp, #12
 109              	.LVL1:
 110              		.loc 1 93 20 view .LVU18
 111 000c FFF7FEFF 		bl	memset
 112              	.LVL2:
  94:Core/Src/stm32f0xx_hal_msp.c ****   if(hadc->Instance==ADC1)
 113              		.loc 1 94 3 is_stmt 1 view .LVU19
 114              		.loc 1 94 5 is_stmt 0 view .LVU20
 115 0010 1E4B     		ldr	r3, .L9
 116 0012 2268     		ldr	r2, [r4]
 117 0014 9A42     		cmp	r2, r3
 118 0016 01D0     		beq	.L7
 119              	.L4:
  95:Core/Src/stm32f0xx_hal_msp.c ****   {
  96:Core/Src/stm32f0xx_hal_msp.c ****   /* USER CODE BEGIN ADC1_MspInit 0 */
  97:Core/Src/stm32f0xx_hal_msp.c **** 
  98:Core/Src/stm32f0xx_hal_msp.c ****   /* USER CODE END ADC1_MspInit 0 */
  99:Core/Src/stm32f0xx_hal_msp.c ****     /* Peripheral clock enable */
 100:Core/Src/stm32f0xx_hal_msp.c ****     __HAL_RCC_ADC1_CLK_ENABLE();
 101:Core/Src/stm32f0xx_hal_msp.c **** 
 102:Core/Src/stm32f0xx_hal_msp.c ****     __HAL_RCC_GPIOA_CLK_ENABLE();
 103:Core/Src/stm32f0xx_hal_msp.c ****     /**ADC GPIO Configuration
 104:Core/Src/stm32f0xx_hal_msp.c ****     PA5     ------> ADC_IN5
 105:Core/Src/stm32f0xx_hal_msp.c ****     PA6     ------> ADC_IN6
 106:Core/Src/stm32f0xx_hal_msp.c ****     PA7     ------> ADC_IN7
 107:Core/Src/stm32f0xx_hal_msp.c ****     */
 108:Core/Src/stm32f0xx_hal_msp.c ****     GPIO_InitStruct.Pin = GPIO_PIN_5|GPIO_PIN_6|GPIO_PIN_7;
 109:Core/Src/stm32f0xx_hal_msp.c ****     GPIO_InitStruct.Mode = GPIO_MODE_ANALOG;
 110:Core/Src/stm32f0xx_hal_msp.c ****     GPIO_InitStruct.Pull = GPIO_NOPULL;
 111:Core/Src/stm32f0xx_hal_msp.c ****     HAL_GPIO_Init(GPIOA, &GPIO_InitStruct);
 112:Core/Src/stm32f0xx_hal_msp.c **** 
ARM GAS  C:\Users\57298\AppData\Local\Temp\ccjHtwpn.s 			page 5


 113:Core/Src/stm32f0xx_hal_msp.c ****     /* ADC1 DMA Init */
 114:Core/Src/stm32f0xx_hal_msp.c ****     /* ADC Init */
 115:Core/Src/stm32f0xx_hal_msp.c ****     hdma_adc.Instance = DMA1_Channel1;
 116:Core/Src/stm32f0xx_hal_msp.c ****     hdma_adc.Init.Direction = DMA_PERIPH_TO_MEMORY;
 117:Core/Src/stm32f0xx_hal_msp.c ****     hdma_adc.Init.PeriphInc = DMA_PINC_DISABLE;
 118:Core/Src/stm32f0xx_hal_msp.c ****     hdma_adc.Init.MemInc = DMA_MINC_ENABLE;
 119:Core/Src/stm32f0xx_hal_msp.c ****     hdma_adc.Init.PeriphDataAlignment = DMA_PDATAALIGN_HALFWORD;
 120:Core/Src/stm32f0xx_hal_msp.c ****     hdma_adc.Init.MemDataAlignment = DMA_MDATAALIGN_HALFWORD;
 121:Core/Src/stm32f0xx_hal_msp.c ****     hdma_adc.Init.Mode = DMA_CIRCULAR;
 122:Core/Src/stm32f0xx_hal_msp.c ****     hdma_adc.Init.Priority = DMA_PRIORITY_LOW;
 123:Core/Src/stm32f0xx_hal_msp.c ****     if (HAL_DMA_Init(&hdma_adc) != HAL_OK)
 124:Core/Src/stm32f0xx_hal_msp.c ****     {
 125:Core/Src/stm32f0xx_hal_msp.c ****       Error_Handler();
 126:Core/Src/stm32f0xx_hal_msp.c ****     }
 127:Core/Src/stm32f0xx_hal_msp.c **** 
 128:Core/Src/stm32f0xx_hal_msp.c ****     __HAL_LINKDMA(hadc,DMA_Handle,hdma_adc);
 129:Core/Src/stm32f0xx_hal_msp.c **** 
 130:Core/Src/stm32f0xx_hal_msp.c ****   /* USER CODE BEGIN ADC1_MspInit 1 */
 131:Core/Src/stm32f0xx_hal_msp.c **** 
 132:Core/Src/stm32f0xx_hal_msp.c ****   /* USER CODE END ADC1_MspInit 1 */
 133:Core/Src/stm32f0xx_hal_msp.c ****   }
 134:Core/Src/stm32f0xx_hal_msp.c **** 
 135:Core/Src/stm32f0xx_hal_msp.c **** }
 120              		.loc 1 135 1 view .LVU21
 121 0018 08B0     		add	sp, sp, #32
 122              		@ sp needed
 123              	.LVL3:
 124              		.loc 1 135 1 view .LVU22
 125 001a 10BD     		pop	{r4, pc}
 126              	.LVL4:
 127              	.L7:
 100:Core/Src/stm32f0xx_hal_msp.c **** 
 128              		.loc 1 100 5 is_stmt 1 view .LVU23
 129              	.LBB4:
 100:Core/Src/stm32f0xx_hal_msp.c **** 
 130              		.loc 1 100 5 view .LVU24
 100:Core/Src/stm32f0xx_hal_msp.c **** 
 131              		.loc 1 100 5 view .LVU25
 132 001c 1C4B     		ldr	r3, .L9+4
 133 001e 9969     		ldr	r1, [r3, #24]
 134 0020 8020     		movs	r0, #128
 135 0022 8000     		lsls	r0, r0, #2
 136 0024 0143     		orrs	r1, r0
 137 0026 9961     		str	r1, [r3, #24]
 100:Core/Src/stm32f0xx_hal_msp.c **** 
 138              		.loc 1 100 5 view .LVU26
 139 0028 9A69     		ldr	r2, [r3, #24]
 140 002a 0240     		ands	r2, r0
 141 002c 0192     		str	r2, [sp, #4]
 100:Core/Src/stm32f0xx_hal_msp.c **** 
 142              		.loc 1 100 5 view .LVU27
 143 002e 019A     		ldr	r2, [sp, #4]
 144              	.LBE4:
 100:Core/Src/stm32f0xx_hal_msp.c **** 
 145              		.loc 1 100 5 view .LVU28
 102:Core/Src/stm32f0xx_hal_msp.c ****     /**ADC GPIO Configuration
 146              		.loc 1 102 5 view .LVU29
ARM GAS  C:\Users\57298\AppData\Local\Temp\ccjHtwpn.s 			page 6


 147              	.LBB5:
 102:Core/Src/stm32f0xx_hal_msp.c ****     /**ADC GPIO Configuration
 148              		.loc 1 102 5 view .LVU30
 102:Core/Src/stm32f0xx_hal_msp.c ****     /**ADC GPIO Configuration
 149              		.loc 1 102 5 view .LVU31
 150 0030 5A69     		ldr	r2, [r3, #20]
 151 0032 8021     		movs	r1, #128
 152 0034 8902     		lsls	r1, r1, #10
 153 0036 0A43     		orrs	r2, r1
 154 0038 5A61     		str	r2, [r3, #20]
 102:Core/Src/stm32f0xx_hal_msp.c ****     /**ADC GPIO Configuration
 155              		.loc 1 102 5 view .LVU32
 156 003a 5B69     		ldr	r3, [r3, #20]
 157 003c 0B40     		ands	r3, r1
 158 003e 0293     		str	r3, [sp, #8]
 102:Core/Src/stm32f0xx_hal_msp.c ****     /**ADC GPIO Configuration
 159              		.loc 1 102 5 view .LVU33
 160 0040 029B     		ldr	r3, [sp, #8]
 161              	.LBE5:
 102:Core/Src/stm32f0xx_hal_msp.c ****     /**ADC GPIO Configuration
 162              		.loc 1 102 5 view .LVU34
 108:Core/Src/stm32f0xx_hal_msp.c ****     GPIO_InitStruct.Mode = GPIO_MODE_ANALOG;
 163              		.loc 1 108 5 view .LVU35
 108:Core/Src/stm32f0xx_hal_msp.c ****     GPIO_InitStruct.Mode = GPIO_MODE_ANALOG;
 164              		.loc 1 108 25 is_stmt 0 view .LVU36
 165 0042 E023     		movs	r3, #224
 166 0044 0393     		str	r3, [sp, #12]
 109:Core/Src/stm32f0xx_hal_msp.c ****     GPIO_InitStruct.Pull = GPIO_NOPULL;
 167              		.loc 1 109 5 is_stmt 1 view .LVU37
 109:Core/Src/stm32f0xx_hal_msp.c ****     GPIO_InitStruct.Pull = GPIO_NOPULL;
 168              		.loc 1 109 26 is_stmt 0 view .LVU38
 169 0046 DD3B     		subs	r3, r3, #221
 170 0048 0493     		str	r3, [sp, #16]
 110:Core/Src/stm32f0xx_hal_msp.c ****     HAL_GPIO_Init(GPIOA, &GPIO_InitStruct);
 171              		.loc 1 110 5 is_stmt 1 view .LVU39
 111:Core/Src/stm32f0xx_hal_msp.c **** 
 172              		.loc 1 111 5 view .LVU40
 173 004a 7138     		subs	r0, r0, #113
 174 004c FF38     		subs	r0, r0, #255
 175 004e 03A9     		add	r1, sp, #12
 176 0050 C005     		lsls	r0, r0, #23
 177 0052 FFF7FEFF 		bl	HAL_GPIO_Init
 178              	.LVL5:
 115:Core/Src/stm32f0xx_hal_msp.c ****     hdma_adc.Init.Direction = DMA_PERIPH_TO_MEMORY;
 179              		.loc 1 115 5 view .LVU41
 115:Core/Src/stm32f0xx_hal_msp.c ****     hdma_adc.Init.Direction = DMA_PERIPH_TO_MEMORY;
 180              		.loc 1 115 23 is_stmt 0 view .LVU42
 181 0056 0F48     		ldr	r0, .L9+8
 182 0058 0F4B     		ldr	r3, .L9+12
 183 005a 0360     		str	r3, [r0]
 116:Core/Src/stm32f0xx_hal_msp.c ****     hdma_adc.Init.PeriphInc = DMA_PINC_DISABLE;
 184              		.loc 1 116 5 is_stmt 1 view .LVU43
 116:Core/Src/stm32f0xx_hal_msp.c ****     hdma_adc.Init.PeriphInc = DMA_PINC_DISABLE;
 185              		.loc 1 116 29 is_stmt 0 view .LVU44
 186 005c 0023     		movs	r3, #0
 187 005e 4360     		str	r3, [r0, #4]
 117:Core/Src/stm32f0xx_hal_msp.c ****     hdma_adc.Init.MemInc = DMA_MINC_ENABLE;
ARM GAS  C:\Users\57298\AppData\Local\Temp\ccjHtwpn.s 			page 7


 188              		.loc 1 117 5 is_stmt 1 view .LVU45
 117:Core/Src/stm32f0xx_hal_msp.c ****     hdma_adc.Init.MemInc = DMA_MINC_ENABLE;
 189              		.loc 1 117 29 is_stmt 0 view .LVU46
 190 0060 8360     		str	r3, [r0, #8]
 118:Core/Src/stm32f0xx_hal_msp.c ****     hdma_adc.Init.PeriphDataAlignment = DMA_PDATAALIGN_HALFWORD;
 191              		.loc 1 118 5 is_stmt 1 view .LVU47
 118:Core/Src/stm32f0xx_hal_msp.c ****     hdma_adc.Init.PeriphDataAlignment = DMA_PDATAALIGN_HALFWORD;
 192              		.loc 1 118 26 is_stmt 0 view .LVU48
 193 0062 8022     		movs	r2, #128
 194 0064 C260     		str	r2, [r0, #12]
 119:Core/Src/stm32f0xx_hal_msp.c ****     hdma_adc.Init.MemDataAlignment = DMA_MDATAALIGN_HALFWORD;
 195              		.loc 1 119 5 is_stmt 1 view .LVU49
 119:Core/Src/stm32f0xx_hal_msp.c ****     hdma_adc.Init.MemDataAlignment = DMA_MDATAALIGN_HALFWORD;
 196              		.loc 1 119 39 is_stmt 0 view .LVU50
 197 0066 8032     		adds	r2, r2, #128
 198 0068 0261     		str	r2, [r0, #16]
 120:Core/Src/stm32f0xx_hal_msp.c ****     hdma_adc.Init.Mode = DMA_CIRCULAR;
 199              		.loc 1 120 5 is_stmt 1 view .LVU51
 120:Core/Src/stm32f0xx_hal_msp.c ****     hdma_adc.Init.Mode = DMA_CIRCULAR;
 200              		.loc 1 120 36 is_stmt 0 view .LVU52
 201 006a 8022     		movs	r2, #128
 202 006c D200     		lsls	r2, r2, #3
 203 006e 4261     		str	r2, [r0, #20]
 121:Core/Src/stm32f0xx_hal_msp.c ****     hdma_adc.Init.Priority = DMA_PRIORITY_LOW;
 204              		.loc 1 121 5 is_stmt 1 view .LVU53
 121:Core/Src/stm32f0xx_hal_msp.c ****     hdma_adc.Init.Priority = DMA_PRIORITY_LOW;
 205              		.loc 1 121 24 is_stmt 0 view .LVU54
 206 0070 2022     		movs	r2, #32
 207 0072 8261     		str	r2, [r0, #24]
 122:Core/Src/stm32f0xx_hal_msp.c ****     if (HAL_DMA_Init(&hdma_adc) != HAL_OK)
 208              		.loc 1 122 5 is_stmt 1 view .LVU55
 122:Core/Src/stm32f0xx_hal_msp.c ****     if (HAL_DMA_Init(&hdma_adc) != HAL_OK)
 209              		.loc 1 122 28 is_stmt 0 view .LVU56
 210 0074 C361     		str	r3, [r0, #28]
 123:Core/Src/stm32f0xx_hal_msp.c ****     {
 211              		.loc 1 123 5 is_stmt 1 view .LVU57
 123:Core/Src/stm32f0xx_hal_msp.c ****     {
 212              		.loc 1 123 9 is_stmt 0 view .LVU58
 213 0076 FFF7FEFF 		bl	HAL_DMA_Init
 214              	.LVL6:
 123:Core/Src/stm32f0xx_hal_msp.c ****     {
 215              		.loc 1 123 8 view .LVU59
 216 007a 0028     		cmp	r0, #0
 217 007c 03D1     		bne	.L8
 218              	.L6:
 128:Core/Src/stm32f0xx_hal_msp.c **** 
 219              		.loc 1 128 5 is_stmt 1 view .LVU60
 128:Core/Src/stm32f0xx_hal_msp.c **** 
 220              		.loc 1 128 5 view .LVU61
 221 007e 054B     		ldr	r3, .L9+8
 222 0080 2363     		str	r3, [r4, #48]
 128:Core/Src/stm32f0xx_hal_msp.c **** 
 223              		.loc 1 128 5 view .LVU62
 224 0082 5C62     		str	r4, [r3, #36]
 128:Core/Src/stm32f0xx_hal_msp.c **** 
 225              		.loc 1 128 5 view .LVU63
 226              		.loc 1 135 1 is_stmt 0 view .LVU64
ARM GAS  C:\Users\57298\AppData\Local\Temp\ccjHtwpn.s 			page 8


 227 0084 C8E7     		b	.L4
 228              	.L8:
 125:Core/Src/stm32f0xx_hal_msp.c ****     }
 229              		.loc 1 125 7 is_stmt 1 view .LVU65
 230 0086 FFF7FEFF 		bl	Error_Handler
 231              	.LVL7:
 232 008a F8E7     		b	.L6
 233              	.L10:
 234              		.align	2
 235              	.L9:
 236 008c 00240140 		.word	1073816576
 237 0090 00100240 		.word	1073876992
 238 0094 00000000 		.word	hdma_adc
 239 0098 08000240 		.word	1073872904
 240              		.cfi_endproc
 241              	.LFE41:
 243              		.section	.text.HAL_ADC_MspDeInit,"ax",%progbits
 244              		.align	1
 245              		.global	HAL_ADC_MspDeInit
 246              		.syntax unified
 247              		.code	16
 248              		.thumb_func
 250              	HAL_ADC_MspDeInit:
 251              	.LVL8:
 252              	.LFB42:
 136:Core/Src/stm32f0xx_hal_msp.c **** 
 137:Core/Src/stm32f0xx_hal_msp.c **** /**
 138:Core/Src/stm32f0xx_hal_msp.c **** * @brief ADC MSP De-Initialization
 139:Core/Src/stm32f0xx_hal_msp.c **** * This function freeze the hardware resources used in this example
 140:Core/Src/stm32f0xx_hal_msp.c **** * @param hadc: ADC handle pointer
 141:Core/Src/stm32f0xx_hal_msp.c **** * @retval None
 142:Core/Src/stm32f0xx_hal_msp.c **** */
 143:Core/Src/stm32f0xx_hal_msp.c **** void HAL_ADC_MspDeInit(ADC_HandleTypeDef* hadc)
 144:Core/Src/stm32f0xx_hal_msp.c **** {
 253              		.loc 1 144 1 view -0
 254              		.cfi_startproc
 255              		@ args = 0, pretend = 0, frame = 0
 256              		@ frame_needed = 0, uses_anonymous_args = 0
 257              		.loc 1 144 1 is_stmt 0 view .LVU67
 258 0000 10B5     		push	{r4, lr}
 259              	.LCFI3:
 260              		.cfi_def_cfa_offset 8
 261              		.cfi_offset 4, -8
 262              		.cfi_offset 14, -4
 263 0002 0400     		movs	r4, r0
 145:Core/Src/stm32f0xx_hal_msp.c ****   if(hadc->Instance==ADC1)
 264              		.loc 1 145 3 is_stmt 1 view .LVU68
 265              		.loc 1 145 5 is_stmt 0 view .LVU69
 266 0004 094B     		ldr	r3, .L14
 267 0006 0268     		ldr	r2, [r0]
 268 0008 9A42     		cmp	r2, r3
 269 000a 00D0     		beq	.L13
 270              	.LVL9:
 271              	.L11:
 146:Core/Src/stm32f0xx_hal_msp.c ****   {
 147:Core/Src/stm32f0xx_hal_msp.c ****   /* USER CODE BEGIN ADC1_MspDeInit 0 */
 148:Core/Src/stm32f0xx_hal_msp.c **** 
ARM GAS  C:\Users\57298\AppData\Local\Temp\ccjHtwpn.s 			page 9


 149:Core/Src/stm32f0xx_hal_msp.c ****   /* USER CODE END ADC1_MspDeInit 0 */
 150:Core/Src/stm32f0xx_hal_msp.c ****     /* Peripheral clock disable */
 151:Core/Src/stm32f0xx_hal_msp.c ****     __HAL_RCC_ADC1_CLK_DISABLE();
 152:Core/Src/stm32f0xx_hal_msp.c **** 
 153:Core/Src/stm32f0xx_hal_msp.c ****     /**ADC GPIO Configuration
 154:Core/Src/stm32f0xx_hal_msp.c ****     PA5     ------> ADC_IN5
 155:Core/Src/stm32f0xx_hal_msp.c ****     PA6     ------> ADC_IN6
 156:Core/Src/stm32f0xx_hal_msp.c ****     PA7     ------> ADC_IN7
 157:Core/Src/stm32f0xx_hal_msp.c ****     */
 158:Core/Src/stm32f0xx_hal_msp.c ****     HAL_GPIO_DeInit(GPIOA, GPIO_PIN_5|GPIO_PIN_6|GPIO_PIN_7);
 159:Core/Src/stm32f0xx_hal_msp.c **** 
 160:Core/Src/stm32f0xx_hal_msp.c ****     /* ADC1 DMA DeInit */
 161:Core/Src/stm32f0xx_hal_msp.c ****     HAL_DMA_DeInit(hadc->DMA_Handle);
 162:Core/Src/stm32f0xx_hal_msp.c ****   /* USER CODE BEGIN ADC1_MspDeInit 1 */
 163:Core/Src/stm32f0xx_hal_msp.c **** 
 164:Core/Src/stm32f0xx_hal_msp.c ****   /* USER CODE END ADC1_MspDeInit 1 */
 165:Core/Src/stm32f0xx_hal_msp.c ****   }
 166:Core/Src/stm32f0xx_hal_msp.c **** 
 167:Core/Src/stm32f0xx_hal_msp.c **** }
 272              		.loc 1 167 1 view .LVU70
 273              		@ sp needed
 274              	.LVL10:
 275              		.loc 1 167 1 view .LVU71
 276 000c 10BD     		pop	{r4, pc}
 277              	.LVL11:
 278              	.L13:
 151:Core/Src/stm32f0xx_hal_msp.c **** 
 279              		.loc 1 151 5 is_stmt 1 view .LVU72
 280 000e 084A     		ldr	r2, .L14+4
 281 0010 9369     		ldr	r3, [r2, #24]
 282 0012 0849     		ldr	r1, .L14+8
 283 0014 0B40     		ands	r3, r1
 284 0016 9361     		str	r3, [r2, #24]
 158:Core/Src/stm32f0xx_hal_msp.c **** 
 285              		.loc 1 158 5 view .LVU73
 286 0018 9020     		movs	r0, #144
 287              	.LVL12:
 158:Core/Src/stm32f0xx_hal_msp.c **** 
 288              		.loc 1 158 5 is_stmt 0 view .LVU74
 289 001a E021     		movs	r1, #224
 290 001c C005     		lsls	r0, r0, #23
 291 001e FFF7FEFF 		bl	HAL_GPIO_DeInit
 292              	.LVL13:
 161:Core/Src/stm32f0xx_hal_msp.c ****   /* USER CODE BEGIN ADC1_MspDeInit 1 */
 293              		.loc 1 161 5 is_stmt 1 view .LVU75
 294 0022 206B     		ldr	r0, [r4, #48]
 295 0024 FFF7FEFF 		bl	HAL_DMA_DeInit
 296              	.LVL14:
 297              		.loc 1 167 1 is_stmt 0 view .LVU76
 298 0028 F0E7     		b	.L11
 299              	.L15:
 300 002a C046     		.align	2
 301              	.L14:
 302 002c 00240140 		.word	1073816576
 303 0030 00100240 		.word	1073876992
 304 0034 FFFDFFFF 		.word	-513
 305              		.cfi_endproc
ARM GAS  C:\Users\57298\AppData\Local\Temp\ccjHtwpn.s 			page 10


 306              	.LFE42:
 308              		.section	.text.HAL_I2C_MspInit,"ax",%progbits
 309              		.align	1
 310              		.global	HAL_I2C_MspInit
 311              		.syntax unified
 312              		.code	16
 313              		.thumb_func
 315              	HAL_I2C_MspInit:
 316              	.LVL15:
 317              	.LFB43:
 168:Core/Src/stm32f0xx_hal_msp.c **** 
 169:Core/Src/stm32f0xx_hal_msp.c **** /**
 170:Core/Src/stm32f0xx_hal_msp.c **** * @brief I2C MSP Initialization
 171:Core/Src/stm32f0xx_hal_msp.c **** * This function configures the hardware resources used in this example
 172:Core/Src/stm32f0xx_hal_msp.c **** * @param hi2c: I2C handle pointer
 173:Core/Src/stm32f0xx_hal_msp.c **** * @retval None
 174:Core/Src/stm32f0xx_hal_msp.c **** */
 175:Core/Src/stm32f0xx_hal_msp.c **** void HAL_I2C_MspInit(I2C_HandleTypeDef* hi2c)
 176:Core/Src/stm32f0xx_hal_msp.c **** {
 318              		.loc 1 176 1 is_stmt 1 view -0
 319              		.cfi_startproc
 320              		@ args = 0, pretend = 0, frame = 32
 321              		@ frame_needed = 0, uses_anonymous_args = 0
 322              		.loc 1 176 1 is_stmt 0 view .LVU78
 323 0000 10B5     		push	{r4, lr}
 324              	.LCFI4:
 325              		.cfi_def_cfa_offset 8
 326              		.cfi_offset 4, -8
 327              		.cfi_offset 14, -4
 328 0002 88B0     		sub	sp, sp, #32
 329              	.LCFI5:
 330              		.cfi_def_cfa_offset 40
 331 0004 0400     		movs	r4, r0
 177:Core/Src/stm32f0xx_hal_msp.c ****   GPIO_InitTypeDef GPIO_InitStruct = {0};
 332              		.loc 1 177 3 is_stmt 1 view .LVU79
 333              		.loc 1 177 20 is_stmt 0 view .LVU80
 334 0006 1422     		movs	r2, #20
 335 0008 0021     		movs	r1, #0
 336 000a 03A8     		add	r0, sp, #12
 337              	.LVL16:
 338              		.loc 1 177 20 view .LVU81
 339 000c FFF7FEFF 		bl	memset
 340              	.LVL17:
 178:Core/Src/stm32f0xx_hal_msp.c ****   if(hi2c->Instance==I2C1)
 341              		.loc 1 178 3 is_stmt 1 view .LVU82
 342              		.loc 1 178 10 is_stmt 0 view .LVU83
 343 0010 2268     		ldr	r2, [r4]
 344              		.loc 1 178 5 view .LVU84
 345 0012 134B     		ldr	r3, .L19
 346 0014 9A42     		cmp	r2, r3
 347 0016 01D0     		beq	.L18
 348              	.LVL18:
 349              	.L16:
 179:Core/Src/stm32f0xx_hal_msp.c ****   {
 180:Core/Src/stm32f0xx_hal_msp.c ****   /* USER CODE BEGIN I2C1_MspInit 0 */
 181:Core/Src/stm32f0xx_hal_msp.c **** 
 182:Core/Src/stm32f0xx_hal_msp.c ****   /* USER CODE END I2C1_MspInit 0 */
ARM GAS  C:\Users\57298\AppData\Local\Temp\ccjHtwpn.s 			page 11


 183:Core/Src/stm32f0xx_hal_msp.c **** 
 184:Core/Src/stm32f0xx_hal_msp.c ****     __HAL_RCC_GPIOB_CLK_ENABLE();
 185:Core/Src/stm32f0xx_hal_msp.c ****     /**I2C1 GPIO Configuration
 186:Core/Src/stm32f0xx_hal_msp.c ****     PB8     ------> I2C1_SCL
 187:Core/Src/stm32f0xx_hal_msp.c ****     PB9     ------> I2C1_SDA
 188:Core/Src/stm32f0xx_hal_msp.c ****     */
 189:Core/Src/stm32f0xx_hal_msp.c ****     GPIO_InitStruct.Pin = GPIO_PIN_8|GPIO_PIN_9;
 190:Core/Src/stm32f0xx_hal_msp.c ****     GPIO_InitStruct.Mode = GPIO_MODE_AF_OD;
 191:Core/Src/stm32f0xx_hal_msp.c ****     GPIO_InitStruct.Pull = GPIO_PULLUP;
 192:Core/Src/stm32f0xx_hal_msp.c ****     GPIO_InitStruct.Speed = GPIO_SPEED_FREQ_HIGH;
 193:Core/Src/stm32f0xx_hal_msp.c ****     GPIO_InitStruct.Alternate = GPIO_AF1_I2C1;
 194:Core/Src/stm32f0xx_hal_msp.c ****     HAL_GPIO_Init(GPIOB, &GPIO_InitStruct);
 195:Core/Src/stm32f0xx_hal_msp.c **** 
 196:Core/Src/stm32f0xx_hal_msp.c ****     /* Peripheral clock enable */
 197:Core/Src/stm32f0xx_hal_msp.c ****     __HAL_RCC_I2C1_CLK_ENABLE();
 198:Core/Src/stm32f0xx_hal_msp.c ****   /* USER CODE BEGIN I2C1_MspInit 1 */
 199:Core/Src/stm32f0xx_hal_msp.c **** 
 200:Core/Src/stm32f0xx_hal_msp.c ****   /* USER CODE END I2C1_MspInit 1 */
 201:Core/Src/stm32f0xx_hal_msp.c ****   }
 202:Core/Src/stm32f0xx_hal_msp.c **** 
 203:Core/Src/stm32f0xx_hal_msp.c **** }
 350              		.loc 1 203 1 view .LVU85
 351 0018 08B0     		add	sp, sp, #32
 352              		@ sp needed
 353 001a 10BD     		pop	{r4, pc}
 354              	.LVL19:
 355              	.L18:
 184:Core/Src/stm32f0xx_hal_msp.c ****     /**I2C1 GPIO Configuration
 356              		.loc 1 184 5 is_stmt 1 view .LVU86
 357              	.LBB6:
 184:Core/Src/stm32f0xx_hal_msp.c ****     /**I2C1 GPIO Configuration
 358              		.loc 1 184 5 view .LVU87
 184:Core/Src/stm32f0xx_hal_msp.c ****     /**I2C1 GPIO Configuration
 359              		.loc 1 184 5 view .LVU88
 360 001c 114C     		ldr	r4, .L19+4
 361              	.LVL20:
 184:Core/Src/stm32f0xx_hal_msp.c ****     /**I2C1 GPIO Configuration
 362              		.loc 1 184 5 is_stmt 0 view .LVU89
 363 001e 6269     		ldr	r2, [r4, #20]
 364 0020 8021     		movs	r1, #128
 365 0022 C902     		lsls	r1, r1, #11
 366 0024 0A43     		orrs	r2, r1
 367 0026 6261     		str	r2, [r4, #20]
 184:Core/Src/stm32f0xx_hal_msp.c ****     /**I2C1 GPIO Configuration
 368              		.loc 1 184 5 is_stmt 1 view .LVU90
 369 0028 6369     		ldr	r3, [r4, #20]
 370 002a 0B40     		ands	r3, r1
 371 002c 0193     		str	r3, [sp, #4]
 184:Core/Src/stm32f0xx_hal_msp.c ****     /**I2C1 GPIO Configuration
 372              		.loc 1 184 5 view .LVU91
 373 002e 019B     		ldr	r3, [sp, #4]
 374              	.LBE6:
 184:Core/Src/stm32f0xx_hal_msp.c ****     /**I2C1 GPIO Configuration
 375              		.loc 1 184 5 view .LVU92
 189:Core/Src/stm32f0xx_hal_msp.c ****     GPIO_InitStruct.Mode = GPIO_MODE_AF_OD;
 376              		.loc 1 189 5 view .LVU93
 189:Core/Src/stm32f0xx_hal_msp.c ****     GPIO_InitStruct.Mode = GPIO_MODE_AF_OD;
ARM GAS  C:\Users\57298\AppData\Local\Temp\ccjHtwpn.s 			page 12


 377              		.loc 1 189 25 is_stmt 0 view .LVU94
 378 0030 C023     		movs	r3, #192
 379 0032 9B00     		lsls	r3, r3, #2
 380 0034 0393     		str	r3, [sp, #12]
 190:Core/Src/stm32f0xx_hal_msp.c ****     GPIO_InitStruct.Pull = GPIO_PULLUP;
 381              		.loc 1 190 5 is_stmt 1 view .LVU95
 190:Core/Src/stm32f0xx_hal_msp.c ****     GPIO_InitStruct.Pull = GPIO_PULLUP;
 382              		.loc 1 190 26 is_stmt 0 view .LVU96
 383 0036 1223     		movs	r3, #18
 384 0038 0493     		str	r3, [sp, #16]
 191:Core/Src/stm32f0xx_hal_msp.c ****     GPIO_InitStruct.Speed = GPIO_SPEED_FREQ_HIGH;
 385              		.loc 1 191 5 is_stmt 1 view .LVU97
 191:Core/Src/stm32f0xx_hal_msp.c ****     GPIO_InitStruct.Speed = GPIO_SPEED_FREQ_HIGH;
 386              		.loc 1 191 26 is_stmt 0 view .LVU98
 387 003a 113B     		subs	r3, r3, #17
 388 003c 0593     		str	r3, [sp, #20]
 192:Core/Src/stm32f0xx_hal_msp.c ****     GPIO_InitStruct.Alternate = GPIO_AF1_I2C1;
 389              		.loc 1 192 5 is_stmt 1 view .LVU99
 192:Core/Src/stm32f0xx_hal_msp.c ****     GPIO_InitStruct.Alternate = GPIO_AF1_I2C1;
 390              		.loc 1 192 27 is_stmt 0 view .LVU100
 391 003e 0322     		movs	r2, #3
 392 0040 0692     		str	r2, [sp, #24]
 193:Core/Src/stm32f0xx_hal_msp.c ****     HAL_GPIO_Init(GPIOB, &GPIO_InitStruct);
 393              		.loc 1 193 5 is_stmt 1 view .LVU101
 193:Core/Src/stm32f0xx_hal_msp.c ****     HAL_GPIO_Init(GPIOB, &GPIO_InitStruct);
 394              		.loc 1 193 31 is_stmt 0 view .LVU102
 395 0042 0793     		str	r3, [sp, #28]
 194:Core/Src/stm32f0xx_hal_msp.c **** 
 396              		.loc 1 194 5 is_stmt 1 view .LVU103
 397 0044 03A9     		add	r1, sp, #12
 398 0046 0848     		ldr	r0, .L19+8
 399 0048 FFF7FEFF 		bl	HAL_GPIO_Init
 400              	.LVL21:
 197:Core/Src/stm32f0xx_hal_msp.c ****   /* USER CODE BEGIN I2C1_MspInit 1 */
 401              		.loc 1 197 5 view .LVU104
 402              	.LBB7:
 197:Core/Src/stm32f0xx_hal_msp.c ****   /* USER CODE BEGIN I2C1_MspInit 1 */
 403              		.loc 1 197 5 view .LVU105
 197:Core/Src/stm32f0xx_hal_msp.c ****   /* USER CODE BEGIN I2C1_MspInit 1 */
 404              		.loc 1 197 5 view .LVU106
 405 004c E269     		ldr	r2, [r4, #28]
 406 004e 8021     		movs	r1, #128
 407 0050 8903     		lsls	r1, r1, #14
 408 0052 0A43     		orrs	r2, r1
 409 0054 E261     		str	r2, [r4, #28]
 197:Core/Src/stm32f0xx_hal_msp.c ****   /* USER CODE BEGIN I2C1_MspInit 1 */
 410              		.loc 1 197 5 view .LVU107
 411 0056 E369     		ldr	r3, [r4, #28]
 412 0058 0B40     		ands	r3, r1
 413 005a 0293     		str	r3, [sp, #8]
 197:Core/Src/stm32f0xx_hal_msp.c ****   /* USER CODE BEGIN I2C1_MspInit 1 */
 414              		.loc 1 197 5 view .LVU108
 415 005c 029B     		ldr	r3, [sp, #8]
 416              	.LBE7:
 197:Core/Src/stm32f0xx_hal_msp.c ****   /* USER CODE BEGIN I2C1_MspInit 1 */
 417              		.loc 1 197 5 view .LVU109
 418              		.loc 1 203 1 is_stmt 0 view .LVU110
ARM GAS  C:\Users\57298\AppData\Local\Temp\ccjHtwpn.s 			page 13


 419 005e DBE7     		b	.L16
 420              	.L20:
 421              		.align	2
 422              	.L19:
 423 0060 00540040 		.word	1073763328
 424 0064 00100240 		.word	1073876992
 425 0068 00040048 		.word	1207960576
 426              		.cfi_endproc
 427              	.LFE43:
 429              		.section	.text.HAL_I2C_MspDeInit,"ax",%progbits
 430              		.align	1
 431              		.global	HAL_I2C_MspDeInit
 432              		.syntax unified
 433              		.code	16
 434              		.thumb_func
 436              	HAL_I2C_MspDeInit:
 437              	.LVL22:
 438              	.LFB44:
 204:Core/Src/stm32f0xx_hal_msp.c **** 
 205:Core/Src/stm32f0xx_hal_msp.c **** /**
 206:Core/Src/stm32f0xx_hal_msp.c **** * @brief I2C MSP De-Initialization
 207:Core/Src/stm32f0xx_hal_msp.c **** * This function freeze the hardware resources used in this example
 208:Core/Src/stm32f0xx_hal_msp.c **** * @param hi2c: I2C handle pointer
 209:Core/Src/stm32f0xx_hal_msp.c **** * @retval None
 210:Core/Src/stm32f0xx_hal_msp.c **** */
 211:Core/Src/stm32f0xx_hal_msp.c **** void HAL_I2C_MspDeInit(I2C_HandleTypeDef* hi2c)
 212:Core/Src/stm32f0xx_hal_msp.c **** {
 439              		.loc 1 212 1 is_stmt 1 view -0
 440              		.cfi_startproc
 441              		@ args = 0, pretend = 0, frame = 0
 442              		@ frame_needed = 0, uses_anonymous_args = 0
 443              		.loc 1 212 1 is_stmt 0 view .LVU112
 444 0000 10B5     		push	{r4, lr}
 445              	.LCFI6:
 446              		.cfi_def_cfa_offset 8
 447              		.cfi_offset 4, -8
 448              		.cfi_offset 14, -4
 213:Core/Src/stm32f0xx_hal_msp.c ****   if(hi2c->Instance==I2C1)
 449              		.loc 1 213 3 is_stmt 1 view .LVU113
 450              		.loc 1 213 10 is_stmt 0 view .LVU114
 451 0002 0268     		ldr	r2, [r0]
 452              		.loc 1 213 5 view .LVU115
 453 0004 0A4B     		ldr	r3, .L24
 454 0006 9A42     		cmp	r2, r3
 455 0008 00D0     		beq	.L23
 456              	.LVL23:
 457              	.L21:
 214:Core/Src/stm32f0xx_hal_msp.c ****   {
 215:Core/Src/stm32f0xx_hal_msp.c ****   /* USER CODE BEGIN I2C1_MspDeInit 0 */
 216:Core/Src/stm32f0xx_hal_msp.c **** 
 217:Core/Src/stm32f0xx_hal_msp.c ****   /* USER CODE END I2C1_MspDeInit 0 */
 218:Core/Src/stm32f0xx_hal_msp.c ****     /* Peripheral clock disable */
 219:Core/Src/stm32f0xx_hal_msp.c ****     __HAL_RCC_I2C1_CLK_DISABLE();
 220:Core/Src/stm32f0xx_hal_msp.c **** 
 221:Core/Src/stm32f0xx_hal_msp.c ****     /**I2C1 GPIO Configuration
 222:Core/Src/stm32f0xx_hal_msp.c ****     PB8     ------> I2C1_SCL
 223:Core/Src/stm32f0xx_hal_msp.c ****     PB9     ------> I2C1_SDA
ARM GAS  C:\Users\57298\AppData\Local\Temp\ccjHtwpn.s 			page 14


 224:Core/Src/stm32f0xx_hal_msp.c ****     */
 225:Core/Src/stm32f0xx_hal_msp.c ****     HAL_GPIO_DeInit(GPIOB, GPIO_PIN_8);
 226:Core/Src/stm32f0xx_hal_msp.c **** 
 227:Core/Src/stm32f0xx_hal_msp.c ****     HAL_GPIO_DeInit(GPIOB, GPIO_PIN_9);
 228:Core/Src/stm32f0xx_hal_msp.c **** 
 229:Core/Src/stm32f0xx_hal_msp.c ****   /* USER CODE BEGIN I2C1_MspDeInit 1 */
 230:Core/Src/stm32f0xx_hal_msp.c **** 
 231:Core/Src/stm32f0xx_hal_msp.c ****   /* USER CODE END I2C1_MspDeInit 1 */
 232:Core/Src/stm32f0xx_hal_msp.c ****   }
 233:Core/Src/stm32f0xx_hal_msp.c **** 
 234:Core/Src/stm32f0xx_hal_msp.c **** }
 458              		.loc 1 234 1 view .LVU116
 459              		@ sp needed
 460 000a 10BD     		pop	{r4, pc}
 461              	.LVL24:
 462              	.L23:
 219:Core/Src/stm32f0xx_hal_msp.c **** 
 463              		.loc 1 219 5 is_stmt 1 view .LVU117
 464 000c 094A     		ldr	r2, .L24+4
 465 000e D369     		ldr	r3, [r2, #28]
 466 0010 0949     		ldr	r1, .L24+8
 467 0012 0B40     		ands	r3, r1
 468 0014 D361     		str	r3, [r2, #28]
 225:Core/Src/stm32f0xx_hal_msp.c **** 
 469              		.loc 1 225 5 view .LVU118
 470 0016 8021     		movs	r1, #128
 471 0018 084C     		ldr	r4, .L24+12
 472 001a 4900     		lsls	r1, r1, #1
 473 001c 2000     		movs	r0, r4
 474              	.LVL25:
 225:Core/Src/stm32f0xx_hal_msp.c **** 
 475              		.loc 1 225 5 is_stmt 0 view .LVU119
 476 001e FFF7FEFF 		bl	HAL_GPIO_DeInit
 477              	.LVL26:
 227:Core/Src/stm32f0xx_hal_msp.c **** 
 478              		.loc 1 227 5 is_stmt 1 view .LVU120
 479 0022 8021     		movs	r1, #128
 480 0024 8900     		lsls	r1, r1, #2
 481 0026 2000     		movs	r0, r4
 482 0028 FFF7FEFF 		bl	HAL_GPIO_DeInit
 483              	.LVL27:
 484              		.loc 1 234 1 is_stmt 0 view .LVU121
 485 002c EDE7     		b	.L21
 486              	.L25:
 487 002e C046     		.align	2
 488              	.L24:
 489 0030 00540040 		.word	1073763328
 490 0034 00100240 		.word	1073876992
 491 0038 FFFFDFFF 		.word	-2097153
 492 003c 00040048 		.word	1207960576
 493              		.cfi_endproc
 494              	.LFE44:
 496              		.section	.text.HAL_UART_MspInit,"ax",%progbits
 497              		.align	1
 498              		.global	HAL_UART_MspInit
 499              		.syntax unified
 500              		.code	16
ARM GAS  C:\Users\57298\AppData\Local\Temp\ccjHtwpn.s 			page 15


 501              		.thumb_func
 503              	HAL_UART_MspInit:
 504              	.LVL28:
 505              	.LFB45:
 235:Core/Src/stm32f0xx_hal_msp.c **** 
 236:Core/Src/stm32f0xx_hal_msp.c **** /**
 237:Core/Src/stm32f0xx_hal_msp.c **** * @brief UART MSP Initialization
 238:Core/Src/stm32f0xx_hal_msp.c **** * This function configures the hardware resources used in this example
 239:Core/Src/stm32f0xx_hal_msp.c **** * @param huart: UART handle pointer
 240:Core/Src/stm32f0xx_hal_msp.c **** * @retval None
 241:Core/Src/stm32f0xx_hal_msp.c **** */
 242:Core/Src/stm32f0xx_hal_msp.c **** void HAL_UART_MspInit(UART_HandleTypeDef* huart)
 243:Core/Src/stm32f0xx_hal_msp.c **** {
 506              		.loc 1 243 1 is_stmt 1 view -0
 507              		.cfi_startproc
 508              		@ args = 0, pretend = 0, frame = 40
 509              		@ frame_needed = 0, uses_anonymous_args = 0
 510              		.loc 1 243 1 is_stmt 0 view .LVU123
 511 0000 10B5     		push	{r4, lr}
 512              	.LCFI7:
 513              		.cfi_def_cfa_offset 8
 514              		.cfi_offset 4, -8
 515              		.cfi_offset 14, -4
 516 0002 8AB0     		sub	sp, sp, #40
 517              	.LCFI8:
 518              		.cfi_def_cfa_offset 48
 519 0004 0400     		movs	r4, r0
 244:Core/Src/stm32f0xx_hal_msp.c ****   GPIO_InitTypeDef GPIO_InitStruct = {0};
 520              		.loc 1 244 3 is_stmt 1 view .LVU124
 521              		.loc 1 244 20 is_stmt 0 view .LVU125
 522 0006 1422     		movs	r2, #20
 523 0008 0021     		movs	r1, #0
 524 000a 05A8     		add	r0, sp, #20
 525              	.LVL29:
 526              		.loc 1 244 20 view .LVU126
 527 000c FFF7FEFF 		bl	memset
 528              	.LVL30:
 245:Core/Src/stm32f0xx_hal_msp.c ****   if(huart->Instance==USART1)
 529              		.loc 1 245 3 is_stmt 1 view .LVU127
 530              		.loc 1 245 11 is_stmt 0 view .LVU128
 531 0010 2368     		ldr	r3, [r4]
 532              		.loc 1 245 5 view .LVU129
 533 0012 404A     		ldr	r2, .L35
 534 0014 9342     		cmp	r3, r2
 535 0016 04D0     		beq	.L31
 246:Core/Src/stm32f0xx_hal_msp.c ****   {
 247:Core/Src/stm32f0xx_hal_msp.c ****   /* USER CODE BEGIN USART1_MspInit 0 */
 248:Core/Src/stm32f0xx_hal_msp.c **** 
 249:Core/Src/stm32f0xx_hal_msp.c ****   /* USER CODE END USART1_MspInit 0 */
 250:Core/Src/stm32f0xx_hal_msp.c ****     /* Peripheral clock enable */
 251:Core/Src/stm32f0xx_hal_msp.c ****     __HAL_RCC_USART1_CLK_ENABLE();
 252:Core/Src/stm32f0xx_hal_msp.c **** 
 253:Core/Src/stm32f0xx_hal_msp.c ****     __HAL_RCC_GPIOB_CLK_ENABLE();
 254:Core/Src/stm32f0xx_hal_msp.c ****     /**USART1 GPIO Configuration
 255:Core/Src/stm32f0xx_hal_msp.c ****     PB6     ------> USART1_TX
 256:Core/Src/stm32f0xx_hal_msp.c ****     PB7     ------> USART1_RX
 257:Core/Src/stm32f0xx_hal_msp.c ****     */
ARM GAS  C:\Users\57298\AppData\Local\Temp\ccjHtwpn.s 			page 16


 258:Core/Src/stm32f0xx_hal_msp.c ****     GPIO_InitStruct.Pin = GPIO_PIN_6|GPIO_PIN_7;
 259:Core/Src/stm32f0xx_hal_msp.c ****     GPIO_InitStruct.Mode = GPIO_MODE_AF_PP;
 260:Core/Src/stm32f0xx_hal_msp.c ****     GPIO_InitStruct.Pull = GPIO_NOPULL;
 261:Core/Src/stm32f0xx_hal_msp.c ****     GPIO_InitStruct.Speed = GPIO_SPEED_FREQ_HIGH;
 262:Core/Src/stm32f0xx_hal_msp.c ****     GPIO_InitStruct.Alternate = GPIO_AF0_USART1;
 263:Core/Src/stm32f0xx_hal_msp.c ****     HAL_GPIO_Init(GPIOB, &GPIO_InitStruct);
 264:Core/Src/stm32f0xx_hal_msp.c **** 
 265:Core/Src/stm32f0xx_hal_msp.c ****     /* USART1 DMA Init */
 266:Core/Src/stm32f0xx_hal_msp.c ****     /* USART1_RX Init */
 267:Core/Src/stm32f0xx_hal_msp.c ****     hdma_usart1_rx.Instance = DMA1_Channel3;
 268:Core/Src/stm32f0xx_hal_msp.c ****     hdma_usart1_rx.Init.Direction = DMA_PERIPH_TO_MEMORY;
 269:Core/Src/stm32f0xx_hal_msp.c ****     hdma_usart1_rx.Init.PeriphInc = DMA_PINC_DISABLE;
 270:Core/Src/stm32f0xx_hal_msp.c ****     hdma_usart1_rx.Init.MemInc = DMA_MINC_ENABLE;
 271:Core/Src/stm32f0xx_hal_msp.c ****     hdma_usart1_rx.Init.PeriphDataAlignment = DMA_PDATAALIGN_BYTE;
 272:Core/Src/stm32f0xx_hal_msp.c ****     hdma_usart1_rx.Init.MemDataAlignment = DMA_MDATAALIGN_BYTE;
 273:Core/Src/stm32f0xx_hal_msp.c ****     hdma_usart1_rx.Init.Mode = DMA_NORMAL;
 274:Core/Src/stm32f0xx_hal_msp.c ****     hdma_usart1_rx.Init.Priority = DMA_PRIORITY_LOW;
 275:Core/Src/stm32f0xx_hal_msp.c ****     if (HAL_DMA_Init(&hdma_usart1_rx) != HAL_OK)
 276:Core/Src/stm32f0xx_hal_msp.c ****     {
 277:Core/Src/stm32f0xx_hal_msp.c ****       Error_Handler();
 278:Core/Src/stm32f0xx_hal_msp.c ****     }
 279:Core/Src/stm32f0xx_hal_msp.c **** 
 280:Core/Src/stm32f0xx_hal_msp.c ****     __HAL_LINKDMA(huart,hdmarx,hdma_usart1_rx);
 281:Core/Src/stm32f0xx_hal_msp.c **** 
 282:Core/Src/stm32f0xx_hal_msp.c ****     /* USART1 interrupt Init */
 283:Core/Src/stm32f0xx_hal_msp.c ****     HAL_NVIC_SetPriority(USART1_IRQn, 0, 0);
 284:Core/Src/stm32f0xx_hal_msp.c ****     HAL_NVIC_EnableIRQ(USART1_IRQn);
 285:Core/Src/stm32f0xx_hal_msp.c ****   /* USER CODE BEGIN USART1_MspInit 1 */
 286:Core/Src/stm32f0xx_hal_msp.c **** 
 287:Core/Src/stm32f0xx_hal_msp.c ****   /* USER CODE END USART1_MspInit 1 */
 288:Core/Src/stm32f0xx_hal_msp.c ****   }
 289:Core/Src/stm32f0xx_hal_msp.c ****   else if(huart->Instance==USART2)
 536              		.loc 1 289 8 is_stmt 1 view .LVU130
 537              		.loc 1 289 10 is_stmt 0 view .LVU131
 538 0018 3F4A     		ldr	r2, .L35+4
 539 001a 9342     		cmp	r3, r2
 540 001c 3DD0     		beq	.L32
 541              	.L26:
 290:Core/Src/stm32f0xx_hal_msp.c ****   {
 291:Core/Src/stm32f0xx_hal_msp.c ****   /* USER CODE BEGIN USART2_MspInit 0 */
 292:Core/Src/stm32f0xx_hal_msp.c **** 
 293:Core/Src/stm32f0xx_hal_msp.c ****   /* USER CODE END USART2_MspInit 0 */
 294:Core/Src/stm32f0xx_hal_msp.c ****     /* Peripheral clock enable */
 295:Core/Src/stm32f0xx_hal_msp.c ****     __HAL_RCC_USART2_CLK_ENABLE();
 296:Core/Src/stm32f0xx_hal_msp.c **** 
 297:Core/Src/stm32f0xx_hal_msp.c ****     __HAL_RCC_GPIOA_CLK_ENABLE();
 298:Core/Src/stm32f0xx_hal_msp.c ****     /**USART2 GPIO Configuration
 299:Core/Src/stm32f0xx_hal_msp.c ****     PA2     ------> USART2_TX
 300:Core/Src/stm32f0xx_hal_msp.c ****     PA3     ------> USART2_RX
 301:Core/Src/stm32f0xx_hal_msp.c ****     */
 302:Core/Src/stm32f0xx_hal_msp.c ****     GPIO_InitStruct.Pin = GPIO_PIN_2|GPIO_PIN_3;
 303:Core/Src/stm32f0xx_hal_msp.c ****     GPIO_InitStruct.Mode = GPIO_MODE_AF_PP;
 304:Core/Src/stm32f0xx_hal_msp.c ****     GPIO_InitStruct.Pull = GPIO_NOPULL;
 305:Core/Src/stm32f0xx_hal_msp.c ****     GPIO_InitStruct.Speed = GPIO_SPEED_FREQ_HIGH;
 306:Core/Src/stm32f0xx_hal_msp.c ****     GPIO_InitStruct.Alternate = GPIO_AF1_USART2;
 307:Core/Src/stm32f0xx_hal_msp.c ****     HAL_GPIO_Init(GPIOA, &GPIO_InitStruct);
 308:Core/Src/stm32f0xx_hal_msp.c **** 
ARM GAS  C:\Users\57298\AppData\Local\Temp\ccjHtwpn.s 			page 17


 309:Core/Src/stm32f0xx_hal_msp.c ****     /* USART2 DMA Init */
 310:Core/Src/stm32f0xx_hal_msp.c ****     /* USART2_RX Init */
 311:Core/Src/stm32f0xx_hal_msp.c ****     hdma_usart2_rx.Instance = DMA1_Channel5;
 312:Core/Src/stm32f0xx_hal_msp.c ****     hdma_usart2_rx.Init.Direction = DMA_PERIPH_TO_MEMORY;
 313:Core/Src/stm32f0xx_hal_msp.c ****     hdma_usart2_rx.Init.PeriphInc = DMA_PINC_DISABLE;
 314:Core/Src/stm32f0xx_hal_msp.c ****     hdma_usart2_rx.Init.MemInc = DMA_MINC_ENABLE;
 315:Core/Src/stm32f0xx_hal_msp.c ****     hdma_usart2_rx.Init.PeriphDataAlignment = DMA_PDATAALIGN_BYTE;
 316:Core/Src/stm32f0xx_hal_msp.c ****     hdma_usart2_rx.Init.MemDataAlignment = DMA_MDATAALIGN_BYTE;
 317:Core/Src/stm32f0xx_hal_msp.c ****     hdma_usart2_rx.Init.Mode = DMA_NORMAL;
 318:Core/Src/stm32f0xx_hal_msp.c ****     hdma_usart2_rx.Init.Priority = DMA_PRIORITY_LOW;
 319:Core/Src/stm32f0xx_hal_msp.c ****     if (HAL_DMA_Init(&hdma_usart2_rx) != HAL_OK)
 320:Core/Src/stm32f0xx_hal_msp.c ****     {
 321:Core/Src/stm32f0xx_hal_msp.c ****       Error_Handler();
 322:Core/Src/stm32f0xx_hal_msp.c ****     }
 323:Core/Src/stm32f0xx_hal_msp.c **** 
 324:Core/Src/stm32f0xx_hal_msp.c ****     __HAL_LINKDMA(huart,hdmarx,hdma_usart2_rx);
 325:Core/Src/stm32f0xx_hal_msp.c **** 
 326:Core/Src/stm32f0xx_hal_msp.c ****     /* USART2 interrupt Init */
 327:Core/Src/stm32f0xx_hal_msp.c ****     HAL_NVIC_SetPriority(USART2_IRQn, 0, 0);
 328:Core/Src/stm32f0xx_hal_msp.c ****     HAL_NVIC_EnableIRQ(USART2_IRQn);
 329:Core/Src/stm32f0xx_hal_msp.c ****   /* USER CODE BEGIN USART2_MspInit 1 */
 330:Core/Src/stm32f0xx_hal_msp.c **** 
 331:Core/Src/stm32f0xx_hal_msp.c ****   /* USER CODE END USART2_MspInit 1 */
 332:Core/Src/stm32f0xx_hal_msp.c ****   }
 333:Core/Src/stm32f0xx_hal_msp.c **** 
 334:Core/Src/stm32f0xx_hal_msp.c **** }
 542              		.loc 1 334 1 view .LVU132
 543 001e 0AB0     		add	sp, sp, #40
 544              		@ sp needed
 545              	.LVL31:
 546              		.loc 1 334 1 view .LVU133
 547 0020 10BD     		pop	{r4, pc}
 548              	.LVL32:
 549              	.L31:
 251:Core/Src/stm32f0xx_hal_msp.c **** 
 550              		.loc 1 251 5 is_stmt 1 view .LVU134
 551              	.LBB8:
 251:Core/Src/stm32f0xx_hal_msp.c **** 
 552              		.loc 1 251 5 view .LVU135
 251:Core/Src/stm32f0xx_hal_msp.c **** 
 553              		.loc 1 251 5 view .LVU136
 554 0022 3E4B     		ldr	r3, .L35+8
 555 0024 9969     		ldr	r1, [r3, #24]
 556 0026 8020     		movs	r0, #128
 557 0028 C001     		lsls	r0, r0, #7
 558 002a 0143     		orrs	r1, r0
 559 002c 9961     		str	r1, [r3, #24]
 251:Core/Src/stm32f0xx_hal_msp.c **** 
 560              		.loc 1 251 5 view .LVU137
 561 002e 9A69     		ldr	r2, [r3, #24]
 562 0030 0240     		ands	r2, r0
 563 0032 0192     		str	r2, [sp, #4]
 251:Core/Src/stm32f0xx_hal_msp.c **** 
 564              		.loc 1 251 5 view .LVU138
 565 0034 019A     		ldr	r2, [sp, #4]
 566              	.LBE8:
 251:Core/Src/stm32f0xx_hal_msp.c **** 
ARM GAS  C:\Users\57298\AppData\Local\Temp\ccjHtwpn.s 			page 18


 567              		.loc 1 251 5 view .LVU139
 253:Core/Src/stm32f0xx_hal_msp.c ****     /**USART1 GPIO Configuration
 568              		.loc 1 253 5 view .LVU140
 569              	.LBB9:
 253:Core/Src/stm32f0xx_hal_msp.c ****     /**USART1 GPIO Configuration
 570              		.loc 1 253 5 view .LVU141
 253:Core/Src/stm32f0xx_hal_msp.c ****     /**USART1 GPIO Configuration
 571              		.loc 1 253 5 view .LVU142
 572 0036 5A69     		ldr	r2, [r3, #20]
 573 0038 8021     		movs	r1, #128
 574 003a C902     		lsls	r1, r1, #11
 575 003c 0A43     		orrs	r2, r1
 576 003e 5A61     		str	r2, [r3, #20]
 253:Core/Src/stm32f0xx_hal_msp.c ****     /**USART1 GPIO Configuration
 577              		.loc 1 253 5 view .LVU143
 578 0040 5B69     		ldr	r3, [r3, #20]
 579 0042 0B40     		ands	r3, r1
 580 0044 0293     		str	r3, [sp, #8]
 253:Core/Src/stm32f0xx_hal_msp.c ****     /**USART1 GPIO Configuration
 581              		.loc 1 253 5 view .LVU144
 582 0046 029B     		ldr	r3, [sp, #8]
 583              	.LBE9:
 253:Core/Src/stm32f0xx_hal_msp.c ****     /**USART1 GPIO Configuration
 584              		.loc 1 253 5 view .LVU145
 258:Core/Src/stm32f0xx_hal_msp.c ****     GPIO_InitStruct.Mode = GPIO_MODE_AF_PP;
 585              		.loc 1 258 5 view .LVU146
 258:Core/Src/stm32f0xx_hal_msp.c ****     GPIO_InitStruct.Mode = GPIO_MODE_AF_PP;
 586              		.loc 1 258 25 is_stmt 0 view .LVU147
 587 0048 C023     		movs	r3, #192
 588 004a 0593     		str	r3, [sp, #20]
 259:Core/Src/stm32f0xx_hal_msp.c ****     GPIO_InitStruct.Pull = GPIO_NOPULL;
 589              		.loc 1 259 5 is_stmt 1 view .LVU148
 259:Core/Src/stm32f0xx_hal_msp.c ****     GPIO_InitStruct.Pull = GPIO_NOPULL;
 590              		.loc 1 259 26 is_stmt 0 view .LVU149
 591 004c BE3B     		subs	r3, r3, #190
 592 004e 0693     		str	r3, [sp, #24]
 260:Core/Src/stm32f0xx_hal_msp.c ****     GPIO_InitStruct.Speed = GPIO_SPEED_FREQ_HIGH;
 593              		.loc 1 260 5 is_stmt 1 view .LVU150
 261:Core/Src/stm32f0xx_hal_msp.c ****     GPIO_InitStruct.Alternate = GPIO_AF0_USART1;
 594              		.loc 1 261 5 view .LVU151
 261:Core/Src/stm32f0xx_hal_msp.c ****     GPIO_InitStruct.Alternate = GPIO_AF0_USART1;
 595              		.loc 1 261 27 is_stmt 0 view .LVU152
 596 0050 0133     		adds	r3, r3, #1
 597 0052 0893     		str	r3, [sp, #32]
 262:Core/Src/stm32f0xx_hal_msp.c ****     HAL_GPIO_Init(GPIOB, &GPIO_InitStruct);
 598              		.loc 1 262 5 is_stmt 1 view .LVU153
 263:Core/Src/stm32f0xx_hal_msp.c **** 
 599              		.loc 1 263 5 view .LVU154
 600 0054 05A9     		add	r1, sp, #20
 601 0056 3248     		ldr	r0, .L35+12
 602 0058 FFF7FEFF 		bl	HAL_GPIO_Init
 603              	.LVL33:
 267:Core/Src/stm32f0xx_hal_msp.c ****     hdma_usart1_rx.Init.Direction = DMA_PERIPH_TO_MEMORY;
 604              		.loc 1 267 5 view .LVU155
 267:Core/Src/stm32f0xx_hal_msp.c ****     hdma_usart1_rx.Init.Direction = DMA_PERIPH_TO_MEMORY;
 605              		.loc 1 267 29 is_stmt 0 view .LVU156
 606 005c 3148     		ldr	r0, .L35+16
ARM GAS  C:\Users\57298\AppData\Local\Temp\ccjHtwpn.s 			page 19


 607 005e 324B     		ldr	r3, .L35+20
 608 0060 0360     		str	r3, [r0]
 268:Core/Src/stm32f0xx_hal_msp.c ****     hdma_usart1_rx.Init.PeriphInc = DMA_PINC_DISABLE;
 609              		.loc 1 268 5 is_stmt 1 view .LVU157
 268:Core/Src/stm32f0xx_hal_msp.c ****     hdma_usart1_rx.Init.PeriphInc = DMA_PINC_DISABLE;
 610              		.loc 1 268 35 is_stmt 0 view .LVU158
 611 0062 0023     		movs	r3, #0
 612 0064 4360     		str	r3, [r0, #4]
 269:Core/Src/stm32f0xx_hal_msp.c ****     hdma_usart1_rx.Init.MemInc = DMA_MINC_ENABLE;
 613              		.loc 1 269 5 is_stmt 1 view .LVU159
 269:Core/Src/stm32f0xx_hal_msp.c ****     hdma_usart1_rx.Init.MemInc = DMA_MINC_ENABLE;
 614              		.loc 1 269 35 is_stmt 0 view .LVU160
 615 0066 8360     		str	r3, [r0, #8]
 270:Core/Src/stm32f0xx_hal_msp.c ****     hdma_usart1_rx.Init.PeriphDataAlignment = DMA_PDATAALIGN_BYTE;
 616              		.loc 1 270 5 is_stmt 1 view .LVU161
 270:Core/Src/stm32f0xx_hal_msp.c ****     hdma_usart1_rx.Init.PeriphDataAlignment = DMA_PDATAALIGN_BYTE;
 617              		.loc 1 270 32 is_stmt 0 view .LVU162
 618 0068 8022     		movs	r2, #128
 619 006a C260     		str	r2, [r0, #12]
 271:Core/Src/stm32f0xx_hal_msp.c ****     hdma_usart1_rx.Init.MemDataAlignment = DMA_MDATAALIGN_BYTE;
 620              		.loc 1 271 5 is_stmt 1 view .LVU163
 271:Core/Src/stm32f0xx_hal_msp.c ****     hdma_usart1_rx.Init.MemDataAlignment = DMA_MDATAALIGN_BYTE;
 621              		.loc 1 271 45 is_stmt 0 view .LVU164
 622 006c 0361     		str	r3, [r0, #16]
 272:Core/Src/stm32f0xx_hal_msp.c ****     hdma_usart1_rx.Init.Mode = DMA_NORMAL;
 623              		.loc 1 272 5 is_stmt 1 view .LVU165
 272:Core/Src/stm32f0xx_hal_msp.c ****     hdma_usart1_rx.Init.Mode = DMA_NORMAL;
 624              		.loc 1 272 42 is_stmt 0 view .LVU166
 625 006e 4361     		str	r3, [r0, #20]
 273:Core/Src/stm32f0xx_hal_msp.c ****     hdma_usart1_rx.Init.Priority = DMA_PRIORITY_LOW;
 626              		.loc 1 273 5 is_stmt 1 view .LVU167
 273:Core/Src/stm32f0xx_hal_msp.c ****     hdma_usart1_rx.Init.Priority = DMA_PRIORITY_LOW;
 627              		.loc 1 273 30 is_stmt 0 view .LVU168
 628 0070 8361     		str	r3, [r0, #24]
 274:Core/Src/stm32f0xx_hal_msp.c ****     if (HAL_DMA_Init(&hdma_usart1_rx) != HAL_OK)
 629              		.loc 1 274 5 is_stmt 1 view .LVU169
 274:Core/Src/stm32f0xx_hal_msp.c ****     if (HAL_DMA_Init(&hdma_usart1_rx) != HAL_OK)
 630              		.loc 1 274 34 is_stmt 0 view .LVU170
 631 0072 C361     		str	r3, [r0, #28]
 275:Core/Src/stm32f0xx_hal_msp.c ****     {
 632              		.loc 1 275 5 is_stmt 1 view .LVU171
 275:Core/Src/stm32f0xx_hal_msp.c ****     {
 633              		.loc 1 275 9 is_stmt 0 view .LVU172
 634 0074 FFF7FEFF 		bl	HAL_DMA_Init
 635              	.LVL34:
 275:Core/Src/stm32f0xx_hal_msp.c ****     {
 636              		.loc 1 275 8 view .LVU173
 637 0078 0028     		cmp	r0, #0
 638 007a 0BD1     		bne	.L33
 639              	.L28:
 280:Core/Src/stm32f0xx_hal_msp.c **** 
 640              		.loc 1 280 5 is_stmt 1 view .LVU174
 280:Core/Src/stm32f0xx_hal_msp.c **** 
 641              		.loc 1 280 5 view .LVU175
 642 007c 294B     		ldr	r3, .L35+16
 643 007e 6367     		str	r3, [r4, #116]
 280:Core/Src/stm32f0xx_hal_msp.c **** 
ARM GAS  C:\Users\57298\AppData\Local\Temp\ccjHtwpn.s 			page 20


 644              		.loc 1 280 5 view .LVU176
 645 0080 5C62     		str	r4, [r3, #36]
 280:Core/Src/stm32f0xx_hal_msp.c **** 
 646              		.loc 1 280 5 view .LVU177
 283:Core/Src/stm32f0xx_hal_msp.c ****     HAL_NVIC_EnableIRQ(USART1_IRQn);
 647              		.loc 1 283 5 view .LVU178
 648 0082 0022     		movs	r2, #0
 649 0084 0021     		movs	r1, #0
 650 0086 1B20     		movs	r0, #27
 651 0088 FFF7FEFF 		bl	HAL_NVIC_SetPriority
 652              	.LVL35:
 284:Core/Src/stm32f0xx_hal_msp.c ****   /* USER CODE BEGIN USART1_MspInit 1 */
 653              		.loc 1 284 5 view .LVU179
 654 008c 1B20     		movs	r0, #27
 655 008e FFF7FEFF 		bl	HAL_NVIC_EnableIRQ
 656              	.LVL36:
 657 0092 C4E7     		b	.L26
 658              	.L33:
 277:Core/Src/stm32f0xx_hal_msp.c ****     }
 659              		.loc 1 277 7 view .LVU180
 660 0094 FFF7FEFF 		bl	Error_Handler
 661              	.LVL37:
 662 0098 F0E7     		b	.L28
 663              	.L32:
 295:Core/Src/stm32f0xx_hal_msp.c **** 
 664              		.loc 1 295 5 view .LVU181
 665              	.LBB10:
 295:Core/Src/stm32f0xx_hal_msp.c **** 
 666              		.loc 1 295 5 view .LVU182
 295:Core/Src/stm32f0xx_hal_msp.c **** 
 667              		.loc 1 295 5 view .LVU183
 668 009a 204B     		ldr	r3, .L35+8
 669 009c D969     		ldr	r1, [r3, #28]
 670 009e 8022     		movs	r2, #128
 671 00a0 9202     		lsls	r2, r2, #10
 672 00a2 1143     		orrs	r1, r2
 673 00a4 D961     		str	r1, [r3, #28]
 295:Core/Src/stm32f0xx_hal_msp.c **** 
 674              		.loc 1 295 5 view .LVU184
 675 00a6 D969     		ldr	r1, [r3, #28]
 676 00a8 1140     		ands	r1, r2
 677 00aa 0391     		str	r1, [sp, #12]
 295:Core/Src/stm32f0xx_hal_msp.c **** 
 678              		.loc 1 295 5 view .LVU185
 679 00ac 0399     		ldr	r1, [sp, #12]
 680              	.LBE10:
 295:Core/Src/stm32f0xx_hal_msp.c **** 
 681              		.loc 1 295 5 view .LVU186
 297:Core/Src/stm32f0xx_hal_msp.c ****     /**USART2 GPIO Configuration
 682              		.loc 1 297 5 view .LVU187
 683              	.LBB11:
 297:Core/Src/stm32f0xx_hal_msp.c ****     /**USART2 GPIO Configuration
 684              		.loc 1 297 5 view .LVU188
 297:Core/Src/stm32f0xx_hal_msp.c ****     /**USART2 GPIO Configuration
 685              		.loc 1 297 5 view .LVU189
 686 00ae 5969     		ldr	r1, [r3, #20]
 687 00b0 1143     		orrs	r1, r2
ARM GAS  C:\Users\57298\AppData\Local\Temp\ccjHtwpn.s 			page 21


 688 00b2 5961     		str	r1, [r3, #20]
 297:Core/Src/stm32f0xx_hal_msp.c ****     /**USART2 GPIO Configuration
 689              		.loc 1 297 5 view .LVU190
 690 00b4 5B69     		ldr	r3, [r3, #20]
 691 00b6 1A40     		ands	r2, r3
 692 00b8 0492     		str	r2, [sp, #16]
 297:Core/Src/stm32f0xx_hal_msp.c ****     /**USART2 GPIO Configuration
 693              		.loc 1 297 5 view .LVU191
 694 00ba 049B     		ldr	r3, [sp, #16]
 695              	.LBE11:
 297:Core/Src/stm32f0xx_hal_msp.c ****     /**USART2 GPIO Configuration
 696              		.loc 1 297 5 view .LVU192
 302:Core/Src/stm32f0xx_hal_msp.c ****     GPIO_InitStruct.Mode = GPIO_MODE_AF_PP;
 697              		.loc 1 302 5 view .LVU193
 302:Core/Src/stm32f0xx_hal_msp.c ****     GPIO_InitStruct.Mode = GPIO_MODE_AF_PP;
 698              		.loc 1 302 25 is_stmt 0 view .LVU194
 699 00bc 0C23     		movs	r3, #12
 700 00be 0593     		str	r3, [sp, #20]
 303:Core/Src/stm32f0xx_hal_msp.c ****     GPIO_InitStruct.Pull = GPIO_NOPULL;
 701              		.loc 1 303 5 is_stmt 1 view .LVU195
 303:Core/Src/stm32f0xx_hal_msp.c ****     GPIO_InitStruct.Pull = GPIO_NOPULL;
 702              		.loc 1 303 26 is_stmt 0 view .LVU196
 703 00c0 0A3B     		subs	r3, r3, #10
 704 00c2 0693     		str	r3, [sp, #24]
 304:Core/Src/stm32f0xx_hal_msp.c ****     GPIO_InitStruct.Speed = GPIO_SPEED_FREQ_HIGH;
 705              		.loc 1 304 5 is_stmt 1 view .LVU197
 305:Core/Src/stm32f0xx_hal_msp.c ****     GPIO_InitStruct.Alternate = GPIO_AF1_USART2;
 706              		.loc 1 305 5 view .LVU198
 305:Core/Src/stm32f0xx_hal_msp.c ****     GPIO_InitStruct.Alternate = GPIO_AF1_USART2;
 707              		.loc 1 305 27 is_stmt 0 view .LVU199
 708 00c4 0133     		adds	r3, r3, #1
 709 00c6 0893     		str	r3, [sp, #32]
 306:Core/Src/stm32f0xx_hal_msp.c ****     HAL_GPIO_Init(GPIOA, &GPIO_InitStruct);
 710              		.loc 1 306 5 is_stmt 1 view .LVU200
 306:Core/Src/stm32f0xx_hal_msp.c ****     HAL_GPIO_Init(GPIOA, &GPIO_InitStruct);
 711              		.loc 1 306 31 is_stmt 0 view .LVU201
 712 00c8 023B     		subs	r3, r3, #2
 713 00ca 0993     		str	r3, [sp, #36]
 307:Core/Src/stm32f0xx_hal_msp.c **** 
 714              		.loc 1 307 5 is_stmt 1 view .LVU202
 715 00cc 9020     		movs	r0, #144
 716 00ce 05A9     		add	r1, sp, #20
 717 00d0 C005     		lsls	r0, r0, #23
 718 00d2 FFF7FEFF 		bl	HAL_GPIO_Init
 719              	.LVL38:
 311:Core/Src/stm32f0xx_hal_msp.c ****     hdma_usart2_rx.Init.Direction = DMA_PERIPH_TO_MEMORY;
 720              		.loc 1 311 5 view .LVU203
 311:Core/Src/stm32f0xx_hal_msp.c ****     hdma_usart2_rx.Init.Direction = DMA_PERIPH_TO_MEMORY;
 721              		.loc 1 311 29 is_stmt 0 view .LVU204
 722 00d6 1548     		ldr	r0, .L35+24
 723 00d8 154B     		ldr	r3, .L35+28
 724 00da 0360     		str	r3, [r0]
 312:Core/Src/stm32f0xx_hal_msp.c ****     hdma_usart2_rx.Init.PeriphInc = DMA_PINC_DISABLE;
 725              		.loc 1 312 5 is_stmt 1 view .LVU205
 312:Core/Src/stm32f0xx_hal_msp.c ****     hdma_usart2_rx.Init.PeriphInc = DMA_PINC_DISABLE;
 726              		.loc 1 312 35 is_stmt 0 view .LVU206
 727 00dc 0023     		movs	r3, #0
ARM GAS  C:\Users\57298\AppData\Local\Temp\ccjHtwpn.s 			page 22


 728 00de 4360     		str	r3, [r0, #4]
 313:Core/Src/stm32f0xx_hal_msp.c ****     hdma_usart2_rx.Init.MemInc = DMA_MINC_ENABLE;
 729              		.loc 1 313 5 is_stmt 1 view .LVU207
 313:Core/Src/stm32f0xx_hal_msp.c ****     hdma_usart2_rx.Init.MemInc = DMA_MINC_ENABLE;
 730              		.loc 1 313 35 is_stmt 0 view .LVU208
 731 00e0 8360     		str	r3, [r0, #8]
 314:Core/Src/stm32f0xx_hal_msp.c ****     hdma_usart2_rx.Init.PeriphDataAlignment = DMA_PDATAALIGN_BYTE;
 732              		.loc 1 314 5 is_stmt 1 view .LVU209
 314:Core/Src/stm32f0xx_hal_msp.c ****     hdma_usart2_rx.Init.PeriphDataAlignment = DMA_PDATAALIGN_BYTE;
 733              		.loc 1 314 32 is_stmt 0 view .LVU210
 734 00e2 8022     		movs	r2, #128
 735 00e4 C260     		str	r2, [r0, #12]
 315:Core/Src/stm32f0xx_hal_msp.c ****     hdma_usart2_rx.Init.MemDataAlignment = DMA_MDATAALIGN_BYTE;
 736              		.loc 1 315 5 is_stmt 1 view .LVU211
 315:Core/Src/stm32f0xx_hal_msp.c ****     hdma_usart2_rx.Init.MemDataAlignment = DMA_MDATAALIGN_BYTE;
 737              		.loc 1 315 45 is_stmt 0 view .LVU212
 738 00e6 0361     		str	r3, [r0, #16]
 316:Core/Src/stm32f0xx_hal_msp.c ****     hdma_usart2_rx.Init.Mode = DMA_NORMAL;
 739              		.loc 1 316 5 is_stmt 1 view .LVU213
 316:Core/Src/stm32f0xx_hal_msp.c ****     hdma_usart2_rx.Init.Mode = DMA_NORMAL;
 740              		.loc 1 316 42 is_stmt 0 view .LVU214
 741 00e8 4361     		str	r3, [r0, #20]
 317:Core/Src/stm32f0xx_hal_msp.c ****     hdma_usart2_rx.Init.Priority = DMA_PRIORITY_LOW;
 742              		.loc 1 317 5 is_stmt 1 view .LVU215
 317:Core/Src/stm32f0xx_hal_msp.c ****     hdma_usart2_rx.Init.Priority = DMA_PRIORITY_LOW;
 743              		.loc 1 317 30 is_stmt 0 view .LVU216
 744 00ea 8361     		str	r3, [r0, #24]
 318:Core/Src/stm32f0xx_hal_msp.c ****     if (HAL_DMA_Init(&hdma_usart2_rx) != HAL_OK)
 745              		.loc 1 318 5 is_stmt 1 view .LVU217
 318:Core/Src/stm32f0xx_hal_msp.c ****     if (HAL_DMA_Init(&hdma_usart2_rx) != HAL_OK)
 746              		.loc 1 318 34 is_stmt 0 view .LVU218
 747 00ec C361     		str	r3, [r0, #28]
 319:Core/Src/stm32f0xx_hal_msp.c ****     {
 748              		.loc 1 319 5 is_stmt 1 view .LVU219
 319:Core/Src/stm32f0xx_hal_msp.c ****     {
 749              		.loc 1 319 9 is_stmt 0 view .LVU220
 750 00ee FFF7FEFF 		bl	HAL_DMA_Init
 751              	.LVL39:
 319:Core/Src/stm32f0xx_hal_msp.c ****     {
 752              		.loc 1 319 8 view .LVU221
 753 00f2 0028     		cmp	r0, #0
 754 00f4 0BD1     		bne	.L34
 755              	.L30:
 324:Core/Src/stm32f0xx_hal_msp.c **** 
 756              		.loc 1 324 5 is_stmt 1 view .LVU222
 324:Core/Src/stm32f0xx_hal_msp.c **** 
 757              		.loc 1 324 5 view .LVU223
 758 00f6 0D4B     		ldr	r3, .L35+24
 759 00f8 6367     		str	r3, [r4, #116]
 324:Core/Src/stm32f0xx_hal_msp.c **** 
 760              		.loc 1 324 5 view .LVU224
 761 00fa 5C62     		str	r4, [r3, #36]
 324:Core/Src/stm32f0xx_hal_msp.c **** 
 762              		.loc 1 324 5 view .LVU225
 327:Core/Src/stm32f0xx_hal_msp.c ****     HAL_NVIC_EnableIRQ(USART2_IRQn);
 763              		.loc 1 327 5 view .LVU226
 764 00fc 0022     		movs	r2, #0
ARM GAS  C:\Users\57298\AppData\Local\Temp\ccjHtwpn.s 			page 23


 765 00fe 0021     		movs	r1, #0
 766 0100 1C20     		movs	r0, #28
 767 0102 FFF7FEFF 		bl	HAL_NVIC_SetPriority
 768              	.LVL40:
 328:Core/Src/stm32f0xx_hal_msp.c ****   /* USER CODE BEGIN USART2_MspInit 1 */
 769              		.loc 1 328 5 view .LVU227
 770 0106 1C20     		movs	r0, #28
 771 0108 FFF7FEFF 		bl	HAL_NVIC_EnableIRQ
 772              	.LVL41:
 773              		.loc 1 334 1 is_stmt 0 view .LVU228
 774 010c 87E7     		b	.L26
 775              	.L34:
 321:Core/Src/stm32f0xx_hal_msp.c ****     }
 776              		.loc 1 321 7 is_stmt 1 view .LVU229
 777 010e FFF7FEFF 		bl	Error_Handler
 778              	.LVL42:
 779 0112 F0E7     		b	.L30
 780              	.L36:
 781              		.align	2
 782              	.L35:
 783 0114 00380140 		.word	1073821696
 784 0118 00440040 		.word	1073759232
 785 011c 00100240 		.word	1073876992
 786 0120 00040048 		.word	1207960576
 787 0124 00000000 		.word	hdma_usart1_rx
 788 0128 30000240 		.word	1073872944
 789 012c 00000000 		.word	hdma_usart2_rx
 790 0130 58000240 		.word	1073872984
 791              		.cfi_endproc
 792              	.LFE45:
 794              		.section	.text.HAL_UART_MspDeInit,"ax",%progbits
 795              		.align	1
 796              		.global	HAL_UART_MspDeInit
 797              		.syntax unified
 798              		.code	16
 799              		.thumb_func
 801              	HAL_UART_MspDeInit:
 802              	.LVL43:
 803              	.LFB46:
 335:Core/Src/stm32f0xx_hal_msp.c **** 
 336:Core/Src/stm32f0xx_hal_msp.c **** /**
 337:Core/Src/stm32f0xx_hal_msp.c **** * @brief UART MSP De-Initialization
 338:Core/Src/stm32f0xx_hal_msp.c **** * This function freeze the hardware resources used in this example
 339:Core/Src/stm32f0xx_hal_msp.c **** * @param huart: UART handle pointer
 340:Core/Src/stm32f0xx_hal_msp.c **** * @retval None
 341:Core/Src/stm32f0xx_hal_msp.c **** */
 342:Core/Src/stm32f0xx_hal_msp.c **** void HAL_UART_MspDeInit(UART_HandleTypeDef* huart)
 343:Core/Src/stm32f0xx_hal_msp.c **** {
 804              		.loc 1 343 1 view -0
 805              		.cfi_startproc
 806              		@ args = 0, pretend = 0, frame = 0
 807              		@ frame_needed = 0, uses_anonymous_args = 0
 808              		.loc 1 343 1 is_stmt 0 view .LVU231
 809 0000 10B5     		push	{r4, lr}
 810              	.LCFI9:
 811              		.cfi_def_cfa_offset 8
 812              		.cfi_offset 4, -8
ARM GAS  C:\Users\57298\AppData\Local\Temp\ccjHtwpn.s 			page 24


 813              		.cfi_offset 14, -4
 814 0002 0400     		movs	r4, r0
 344:Core/Src/stm32f0xx_hal_msp.c ****   if(huart->Instance==USART1)
 815              		.loc 1 344 3 is_stmt 1 view .LVU232
 816              		.loc 1 344 11 is_stmt 0 view .LVU233
 817 0004 0368     		ldr	r3, [r0]
 818              		.loc 1 344 5 view .LVU234
 819 0006 144A     		ldr	r2, .L42
 820 0008 9342     		cmp	r3, r2
 821 000a 03D0     		beq	.L40
 345:Core/Src/stm32f0xx_hal_msp.c ****   {
 346:Core/Src/stm32f0xx_hal_msp.c ****   /* USER CODE BEGIN USART1_MspDeInit 0 */
 347:Core/Src/stm32f0xx_hal_msp.c **** 
 348:Core/Src/stm32f0xx_hal_msp.c ****   /* USER CODE END USART1_MspDeInit 0 */
 349:Core/Src/stm32f0xx_hal_msp.c ****     /* Peripheral clock disable */
 350:Core/Src/stm32f0xx_hal_msp.c ****     __HAL_RCC_USART1_CLK_DISABLE();
 351:Core/Src/stm32f0xx_hal_msp.c **** 
 352:Core/Src/stm32f0xx_hal_msp.c ****     /**USART1 GPIO Configuration
 353:Core/Src/stm32f0xx_hal_msp.c ****     PB6     ------> USART1_TX
 354:Core/Src/stm32f0xx_hal_msp.c ****     PB7     ------> USART1_RX
 355:Core/Src/stm32f0xx_hal_msp.c ****     */
 356:Core/Src/stm32f0xx_hal_msp.c ****     HAL_GPIO_DeInit(GPIOB, GPIO_PIN_6|GPIO_PIN_7);
 357:Core/Src/stm32f0xx_hal_msp.c **** 
 358:Core/Src/stm32f0xx_hal_msp.c ****     /* USART1 DMA DeInit */
 359:Core/Src/stm32f0xx_hal_msp.c ****     HAL_DMA_DeInit(huart->hdmarx);
 360:Core/Src/stm32f0xx_hal_msp.c **** 
 361:Core/Src/stm32f0xx_hal_msp.c ****     /* USART1 interrupt DeInit */
 362:Core/Src/stm32f0xx_hal_msp.c ****     HAL_NVIC_DisableIRQ(USART1_IRQn);
 363:Core/Src/stm32f0xx_hal_msp.c ****   /* USER CODE BEGIN USART1_MspDeInit 1 */
 364:Core/Src/stm32f0xx_hal_msp.c **** 
 365:Core/Src/stm32f0xx_hal_msp.c ****   /* USER CODE END USART1_MspDeInit 1 */
 366:Core/Src/stm32f0xx_hal_msp.c ****   }
 367:Core/Src/stm32f0xx_hal_msp.c ****   else if(huart->Instance==USART2)
 822              		.loc 1 367 8 is_stmt 1 view .LVU235
 823              		.loc 1 367 10 is_stmt 0 view .LVU236
 824 000c 134A     		ldr	r2, .L42+4
 825 000e 9342     		cmp	r3, r2
 826 0010 10D0     		beq	.L41
 827              	.LVL44:
 828              	.L37:
 368:Core/Src/stm32f0xx_hal_msp.c ****   {
 369:Core/Src/stm32f0xx_hal_msp.c ****   /* USER CODE BEGIN USART2_MspDeInit 0 */
 370:Core/Src/stm32f0xx_hal_msp.c **** 
 371:Core/Src/stm32f0xx_hal_msp.c ****   /* USER CODE END USART2_MspDeInit 0 */
 372:Core/Src/stm32f0xx_hal_msp.c ****     /* Peripheral clock disable */
 373:Core/Src/stm32f0xx_hal_msp.c ****     __HAL_RCC_USART2_CLK_DISABLE();
 374:Core/Src/stm32f0xx_hal_msp.c **** 
 375:Core/Src/stm32f0xx_hal_msp.c ****     /**USART2 GPIO Configuration
 376:Core/Src/stm32f0xx_hal_msp.c ****     PA2     ------> USART2_TX
 377:Core/Src/stm32f0xx_hal_msp.c ****     PA3     ------> USART2_RX
 378:Core/Src/stm32f0xx_hal_msp.c ****     */
 379:Core/Src/stm32f0xx_hal_msp.c ****     HAL_GPIO_DeInit(GPIOA, GPIO_PIN_2|GPIO_PIN_3);
 380:Core/Src/stm32f0xx_hal_msp.c **** 
 381:Core/Src/stm32f0xx_hal_msp.c ****     /* USART2 DMA DeInit */
 382:Core/Src/stm32f0xx_hal_msp.c ****     HAL_DMA_DeInit(huart->hdmarx);
 383:Core/Src/stm32f0xx_hal_msp.c **** 
 384:Core/Src/stm32f0xx_hal_msp.c ****     /* USART2 interrupt DeInit */
ARM GAS  C:\Users\57298\AppData\Local\Temp\ccjHtwpn.s 			page 25


 385:Core/Src/stm32f0xx_hal_msp.c ****     HAL_NVIC_DisableIRQ(USART2_IRQn);
 386:Core/Src/stm32f0xx_hal_msp.c ****   /* USER CODE BEGIN USART2_MspDeInit 1 */
 387:Core/Src/stm32f0xx_hal_msp.c **** 
 388:Core/Src/stm32f0xx_hal_msp.c ****   /* USER CODE END USART2_MspDeInit 1 */
 389:Core/Src/stm32f0xx_hal_msp.c ****   }
 390:Core/Src/stm32f0xx_hal_msp.c **** 
 391:Core/Src/stm32f0xx_hal_msp.c **** }
 829              		.loc 1 391 1 view .LVU237
 830              		@ sp needed
 831              	.LVL45:
 832              		.loc 1 391 1 view .LVU238
 833 0012 10BD     		pop	{r4, pc}
 834              	.LVL46:
 835              	.L40:
 350:Core/Src/stm32f0xx_hal_msp.c **** 
 836              		.loc 1 350 5 is_stmt 1 view .LVU239
 837 0014 124A     		ldr	r2, .L42+8
 838 0016 9369     		ldr	r3, [r2, #24]
 839 0018 1249     		ldr	r1, .L42+12
 840 001a 0B40     		ands	r3, r1
 841 001c 9361     		str	r3, [r2, #24]
 356:Core/Src/stm32f0xx_hal_msp.c **** 
 842              		.loc 1 356 5 view .LVU240
 843 001e C021     		movs	r1, #192
 844 0020 1148     		ldr	r0, .L42+16
 845              	.LVL47:
 356:Core/Src/stm32f0xx_hal_msp.c **** 
 846              		.loc 1 356 5 is_stmt 0 view .LVU241
 847 0022 FFF7FEFF 		bl	HAL_GPIO_DeInit
 848              	.LVL48:
 359:Core/Src/stm32f0xx_hal_msp.c **** 
 849              		.loc 1 359 5 is_stmt 1 view .LVU242
 850 0026 606F     		ldr	r0, [r4, #116]
 851 0028 FFF7FEFF 		bl	HAL_DMA_DeInit
 852              	.LVL49:
 362:Core/Src/stm32f0xx_hal_msp.c ****   /* USER CODE BEGIN USART1_MspDeInit 1 */
 853              		.loc 1 362 5 view .LVU243
 854 002c 1B20     		movs	r0, #27
 855 002e FFF7FEFF 		bl	HAL_NVIC_DisableIRQ
 856              	.LVL50:
 857 0032 EEE7     		b	.L37
 858              	.LVL51:
 859              	.L41:
 373:Core/Src/stm32f0xx_hal_msp.c **** 
 860              		.loc 1 373 5 view .LVU244
 861 0034 0A4A     		ldr	r2, .L42+8
 862 0036 D369     		ldr	r3, [r2, #28]
 863 0038 0C49     		ldr	r1, .L42+20
 864 003a 0B40     		ands	r3, r1
 865 003c D361     		str	r3, [r2, #28]
 379:Core/Src/stm32f0xx_hal_msp.c **** 
 866              		.loc 1 379 5 view .LVU245
 867 003e 9020     		movs	r0, #144
 868              	.LVL52:
 379:Core/Src/stm32f0xx_hal_msp.c **** 
 869              		.loc 1 379 5 is_stmt 0 view .LVU246
 870 0040 0C21     		movs	r1, #12
ARM GAS  C:\Users\57298\AppData\Local\Temp\ccjHtwpn.s 			page 26


 871 0042 C005     		lsls	r0, r0, #23
 872 0044 FFF7FEFF 		bl	HAL_GPIO_DeInit
 873              	.LVL53:
 382:Core/Src/stm32f0xx_hal_msp.c **** 
 874              		.loc 1 382 5 is_stmt 1 view .LVU247
 875 0048 606F     		ldr	r0, [r4, #116]
 876 004a FFF7FEFF 		bl	HAL_DMA_DeInit
 877              	.LVL54:
 385:Core/Src/stm32f0xx_hal_msp.c ****   /* USER CODE BEGIN USART2_MspDeInit 1 */
 878              		.loc 1 385 5 view .LVU248
 879 004e 1C20     		movs	r0, #28
 880 0050 FFF7FEFF 		bl	HAL_NVIC_DisableIRQ
 881              	.LVL55:
 882              		.loc 1 391 1 is_stmt 0 view .LVU249
 883 0054 DDE7     		b	.L37
 884              	.L43:
 885 0056 C046     		.align	2
 886              	.L42:
 887 0058 00380140 		.word	1073821696
 888 005c 00440040 		.word	1073759232
 889 0060 00100240 		.word	1073876992
 890 0064 FFBFFFFF 		.word	-16385
 891 0068 00040048 		.word	1207960576
 892 006c FFFFFDFF 		.word	-131073
 893              		.cfi_endproc
 894              	.LFE46:
 896              		.text
 897              	.Letext0:
 898              		.file 2 "c:\\program files\\gcc-arm-none-eabi-10.3-2021.10\\arm-none-eabi\\include\\machine\\_defa
 899              		.file 3 "c:\\program files\\gcc-arm-none-eabi-10.3-2021.10\\arm-none-eabi\\include\\sys\\_stdint.h
 900              		.file 4 "Drivers/CMSIS/Device/ST/STM32F0xx/Include/stm32f030x8.h"
 901              		.file 5 "Drivers/CMSIS/Device/ST/STM32F0xx/Include/stm32f0xx.h"
 902              		.file 6 "Drivers/STM32F0xx_HAL_Driver/Inc/stm32f0xx_hal_def.h"
 903              		.file 7 "Drivers/STM32F0xx_HAL_Driver/Inc/stm32f0xx_hal_gpio.h"
 904              		.file 8 "Drivers/STM32F0xx_HAL_Driver/Inc/stm32f0xx_hal_dma.h"
 905              		.file 9 "Drivers/STM32F0xx_HAL_Driver/Inc/stm32f0xx_hal_adc.h"
 906              		.file 10 "Drivers/STM32F0xx_HAL_Driver/Inc/stm32f0xx_hal_i2c.h"
 907              		.file 11 "Drivers/STM32F0xx_HAL_Driver/Inc/stm32f0xx_hal_uart.h"
 908              		.file 12 "Drivers/STM32F0xx_HAL_Driver/Inc/stm32f0xx_hal_cortex.h"
 909              		.file 13 "Core/Inc/main.h"
 910              		.file 14 "<built-in>"
ARM GAS  C:\Users\57298\AppData\Local\Temp\ccjHtwpn.s 			page 27


DEFINED SYMBOLS
                            *ABS*:00000000 stm32f0xx_hal_msp.c
C:\Users\57298\AppData\Local\Temp\ccjHtwpn.s:18     .text.HAL_MspInit:00000000 $t
C:\Users\57298\AppData\Local\Temp\ccjHtwpn.s:24     .text.HAL_MspInit:00000000 HAL_MspInit
C:\Users\57298\AppData\Local\Temp\ccjHtwpn.s:76     .text.HAL_MspInit:0000002c $d
C:\Users\57298\AppData\Local\Temp\ccjHtwpn.s:81     .text.HAL_ADC_MspInit:00000000 $t
C:\Users\57298\AppData\Local\Temp\ccjHtwpn.s:87     .text.HAL_ADC_MspInit:00000000 HAL_ADC_MspInit
C:\Users\57298\AppData\Local\Temp\ccjHtwpn.s:236    .text.HAL_ADC_MspInit:0000008c $d
C:\Users\57298\AppData\Local\Temp\ccjHtwpn.s:244    .text.HAL_ADC_MspDeInit:00000000 $t
C:\Users\57298\AppData\Local\Temp\ccjHtwpn.s:250    .text.HAL_ADC_MspDeInit:00000000 HAL_ADC_MspDeInit
C:\Users\57298\AppData\Local\Temp\ccjHtwpn.s:302    .text.HAL_ADC_MspDeInit:0000002c $d
C:\Users\57298\AppData\Local\Temp\ccjHtwpn.s:309    .text.HAL_I2C_MspInit:00000000 $t
C:\Users\57298\AppData\Local\Temp\ccjHtwpn.s:315    .text.HAL_I2C_MspInit:00000000 HAL_I2C_MspInit
C:\Users\57298\AppData\Local\Temp\ccjHtwpn.s:423    .text.HAL_I2C_MspInit:00000060 $d
C:\Users\57298\AppData\Local\Temp\ccjHtwpn.s:430    .text.HAL_I2C_MspDeInit:00000000 $t
C:\Users\57298\AppData\Local\Temp\ccjHtwpn.s:436    .text.HAL_I2C_MspDeInit:00000000 HAL_I2C_MspDeInit
C:\Users\57298\AppData\Local\Temp\ccjHtwpn.s:489    .text.HAL_I2C_MspDeInit:00000030 $d
C:\Users\57298\AppData\Local\Temp\ccjHtwpn.s:497    .text.HAL_UART_MspInit:00000000 $t
C:\Users\57298\AppData\Local\Temp\ccjHtwpn.s:503    .text.HAL_UART_MspInit:00000000 HAL_UART_MspInit
C:\Users\57298\AppData\Local\Temp\ccjHtwpn.s:783    .text.HAL_UART_MspInit:00000114 $d
C:\Users\57298\AppData\Local\Temp\ccjHtwpn.s:795    .text.HAL_UART_MspDeInit:00000000 $t
C:\Users\57298\AppData\Local\Temp\ccjHtwpn.s:801    .text.HAL_UART_MspDeInit:00000000 HAL_UART_MspDeInit
C:\Users\57298\AppData\Local\Temp\ccjHtwpn.s:887    .text.HAL_UART_MspDeInit:00000058 $d

UNDEFINED SYMBOLS
memset
HAL_GPIO_Init
HAL_DMA_Init
Error_Handler
hdma_adc
HAL_GPIO_DeInit
HAL_DMA_DeInit
HAL_NVIC_SetPriority
HAL_NVIC_EnableIRQ
hdma_usart1_rx
hdma_usart2_rx
HAL_NVIC_DisableIRQ
